/ Opera-3d Modeller
/ Opera 18R2 [Build 36152] (x64)
/ Started: 15/May/2018 10:23:59
/ Node: RB-14. Processor: Intel64/x64. System: Windows 7 (Service Pack 1)
SKETCH OBJECT=BLOCK +COMPLETE
PREVIEW OPTION=START REDISPLAY=NO | BLOCK Name='Block' X0=0 Y0=0 Z0=0 X1=10 Y1=10 Z1=10
PREVIEW OPTION=END REDISPLAY=NO |  BLOCK Name='Block' X0=0 Y0=0 Z0=0 X1=10 Y1=10 Z1=10
SKETCH OBJECT=BLOCK +COMPLETE


PREVIEW OPTION=UNPICK REDISPLAY=YES
THREED OPTION=SETVIEW SIZE=0
PREVIEW OPTION=END REDISPLAY=NO |  BLOCK Name='Block' X0=20 Y0=20 Z0=20 X1=30 Y1=30 Z1=30
$TOOLBUTTON ACTION=INIT POSITION=0

$TOOLBUTTON ACTION=INIT POSITION=0

$COMI MODE=CONTINUOUS FILE='H:\Opera\pudelko.comi'
FILTER TYPE=BODY
PICK OPTION=TOGGLE PROPERTY=UniqueName LABEL='Block'
PICK OPTION=TOGGLE PROPERTY=UniqueName LABEL='Block-001'
PICK OPTION=TOGGLE PROPERTY=UniqueName LABEL='pudelko'
DELETE REGULARIZE=YES EXTERNAL=NO
$TOOLBUTTON ACTION=INIT POSITION=0

$TOOLBUTTON ACTION=APPEND POSITION=1  COMIFILENAME='H:\Opera\pudelko.comi'
$TOOLBUTTON ACTION=LOADCOMI POSITION=1
$COMI 'H:/Opera/pudelko.comi'
PICK OPTION=TOGGLE PROPERTY=UniqueName LABEL='pudelko'
DELETE REGULARIZE=YES EXTERNAL=NO
$COMI 'H:/Opera/pudelko.comi'
PICK OPTION=TOGGLE PROPERTY=UniqueName LABEL='pudelko'
MODEL CREATE
PICK OPTION=TOGGLE PROPERTY=UniqueName LABEL='ModelBody'
MESH GENERATOR=AUTOMATIC SIZE=1.0 NORMALTOL=30.0 SURFACETOL=0.0 TOLERANCE=1.0E-06 TYPE=PREFERTETRA
FILL TOL=1.0E-06
PICK OPTION=TOGGLE PROPERTY=UniqueName LABEL='ModelBody'
MESH GENERATOR=AUTOMATIC SIZE=1.0 NORMALTOL=30.0 SURFACETOL=0.0 TOLERANCE=1.0E-06 TYPE=PREFERTETRA
PICK OPTION=TOGGLE PROPERTY=UniqueName LABEL='ModelBody'
DELETE REGULARIZE=YES EXTERNAL=NO
PICK OPTION=TOGGLE PROPERTY=UniqueName LABEL='pudelko'
DELETE REGULARIZE=YES EXTERNAL=NO
$COMI 'H:/Opera/pudelko.comi'
MODEL CREATE
MESH GENERATOR=AUTOMATIC SIZE=1.0 NORMALTOL=30.0 SURFACETOL=0.0 TOLERANCE=1.0E-06 TYPE=PREFERTETRA
FILL TOL=1.0E-06
$constant #a 3
$constant #b 4
$constant #c #a+#b
$parameter #b #a+#b
$string t1 'Witaj'
$askparameter #g 'podaj wzor na g'
#a+#b
$promt t2 'podaj nazwe pliku'
$prompt t2 'podaj nazwe pliku'
pliczek
$displayline 'nazwa pliku to: &t2&
$displayline 'nazwa pliku to: &t2&'
#z 7.14
#z 7,14
$z 7,14
constant #z 7.19
$constant #z 7.14
$displayline ' czesc rzeczywista z to: %real(#z)'


$TOOLBUTTON ACTION=INIT POSITION=0

$TOOLBUTTON ACTION=APPEND POSITION=1  COMIFILENAME='H:\Opera\model.comi'
$TOOLBUTTON ACTION=LOADCOMI POSITION=2
$TOOLBUTTON ACTION=APPEND POSITION=1  COMIFILENAME='H:\Opera\suma.comi'
$TOOLBUTTON ACTION=LOADCOMI POSITION=3
$COMI 'H:/Opera/suma.comi'
$COMI 'H:/Opera/suma.comi'
$TOOLBUTTON ACTION=INIT POSITION=0

$TOOLBUTTON ACTION=APPEND POSITION=1  COMIFILENAME='H:\Opera\Kula.comi'
$TOOLBUTTON ACTION=LOADCOMI POSITION=4
$COMI 'H:/Opera/Kula.comi'
$TOOLBUTTON ACTION=INIT POSITION=0

$TOOLBUTTON ACTION=LOADCOMI POSITION=4
$COMI 'H:/Opera/Kula.comi'
$COMI 'H:/Opera/Kula.comi'
$COMI 'H:/Opera/Kula.comi'
$COMI 'H:/Opera/Kula.comi'
PICK OPTION=ALL TYPE=BODY
DELETE REGULARIZE=YES EXTERNAL=NO
PICK OPTION=TOGGLE PROPERTY=UniqueName LABEL='pudelko'
DELETE REGULARIZE=YES EXTERNAL=NO
$COMI 'H:/Opera/Kula.comi'
PICK OPTION=TOGGLE PROPERTY=UniqueName LABEL='kula'
DELETE REGULARIZE=YES EXTERNAL=NO
$TOOLBUTTON ACTION=INIT POSITION=0

$TOOLBUTTON ACTION=APPEND POSITION=1  COMIFILENAME='H:\Opera\Do box.comi'
$TOOLBUTTON ACTION=LOADCOMI POSITION=5
$COMI 'H:/Opera/Do box.comi'
$COMI 'H:/Opera/Do box.comi'
$COMI 'H:/Opera/Do box.comi'
$COMI 'H:/Opera/Do box.comi'
CLEAR REVERT=NO
$COMI 'H:/Opera/Do box.comi'
$COMI 'H:/Opera/Do box.comi'
$COMI 'H:/Opera/Do box.comi'
CLEAR REVERT=NO
$COMI 'H:/Opera/Do box.comi'
CLEAR REVERT=NO
$COMI 'H:/Opera/Do box.comi'
CLEAR REVERT=NO
