/ Opera-3d Modeller
/ Opera 18R2 [Build 36152] (x64)
/ Started: 10/Apr/2018 10:28:03
/ Node: RB-14. Processor: Intel64/x64. System: Windows 7 (Service Pack 1)
SKETCH OBJECT=BLOCK +COMPLETE
BLOCK Name='Block' X0=10 Y0=10 Z0=10 X1=10 Y1=10 Z1=10
BLOCK Name='Block' X0=10 Y0=10 Z0=10 X1=0 Y1=0 Z1=0
FILTER TYPE=EDGE
PICK OPTION=TOGGLE TYPE=EDGE UNIQUEBODYNAME='Block' IDENTIFIER=A.00003
PICK OPTION=TOGGLE TYPE=EDGE UNIQUEBODYNAME='Block' IDENTIFIER=A.00011
PICK OPTION=TOGGLE TYPE=EDGE UNIQUEBODYNAME='Block' IDENTIFIER=A.00002
PICK OPTION=TOGGLE TYPE=EDGE UNIQUEBODYNAME='Block' IDENTIFIER=A.00004
PICK OPTION=TOGGLE TYPE=EDGE UNIQUEBODYNAME='Block' IDENTIFIER=A.00010
PICK OPTION=TOGGLE TYPE=EDGE UNIQUEBODYNAME='Block' IDENTIFIER=A.00001
PICK OPTION=TOGGLE TYPE=EDGE UNIQUEBODYNAME='Block' IDENTIFIER=A.00010
PICK OPTION=TOGGLE TYPE=EDGE UNIQUEBODYNAME='Block' IDENTIFIER=A.00010
PICK OPTION=TOGGLE TYPE=EDGE UNIQUEBODYNAME='Block' IDENTIFIER=A.00012
PICK OPTION=TOGGLE TYPE=EDGE UNIQUEBODYNAME='Block' IDENTIFIER=A.00008
PICK OPTION=TOGGLE TYPE=EDGE UNIQUEBODYNAME='Block' IDENTIFIER=A.00007
PICK OPTION=TOGGLE TYPE=EDGE UNIQUEBODYNAME='Block' IDENTIFIER=A.00009
PICK OPTION=TOGGLE TYPE=EDGE UNIQUEBODYNAME='Block' IDENTIFIER=A.00006
PICK OPTION=TOGGLE TYPE=EDGE UNIQUEBODYNAME='Block' IDENTIFIER=A.00005



BLEND  OPTION=BLEND RADIUS=1
THREED OPTION=SETVIEW SIZE=0
CLEAR REVERT=NO
SKETCH OBJECT=CYLINDER +COMPLETE
PREVIEW OPTION=START REDISPLAY=NO | CYLINDER Name='Cylinder' X0=0 Y0=0 Z0=0 X1=10 Y1=10 Z1=10 -TUBE SHAPECONTROL=CONE MAJORRADIUS=5 MINORRADIUS=5 TOPRADIUS=2 SIDES=2
PREVIEW OPTION=START REDISPLAY=NO | CYLINDER Name='Cylinder' X0=0 Y0=0 Z0=0 X1=10 Y1=10 Z1=10 -TUBE SHAPECONTROL=CONE MAJORRADIUS=5 MINORRADIUS=5 TOPRADIUS=1 SIDES=2
PREVIEW OPTION=START REDISPLAY=NO | CYLINDER Name='Cylinder' X0=0 Y0=0 Z0=0 X1=1 Y1=1 Z1=1 -TUBE SHAPECONTROL=CONE MAJORRADIUS=5 MINORRADIUS=5 TOPRADIUS=1 SIDES=2
PREVIEW OPTION=START REDISPLAY=NO | CYLINDER Name='Cylinder' X0=0 Y0=0 Z0=0 X1=1 Y1=1 Z1=1 -TUBE SHAPECONTROL=CONE MAJORRADIUS=2 MINORRADIUS=2 TOPRADIUS=1 SIDES=2
PREVIEW OPTION=END REDISPLAY=NO |  CYLINDER Name='Cylinder' X0=0 Y0=0 Z0=0 X1=1 Y1=1 Z1=1 -TUBE SHAPECONTROL=CONE MAJORRADIUS=2 MINORRADIUS=2 TOPRADIUS=1 SIDES=2
THREED OPTION=SETVIEW SIZE=0

PREVIEW OPTION=UNPICK REDISPLAY=YES
SKETCH +GRID

SKETCH AUTOGRID=YES SNAPVISIBLE=YES SNAP=NO
SKETCH ACTIVE=YES
SKETCH ACTIVE=NO COMPLETE=YES

PREVIEW OPTION=UNPICK REDISPLAY=YES

SELECT OPTION=GUIUPDATE


PREVIEW OPTION=UNPICK REDISPLAY=YES
SELECT OPTION=PICKEDREMOVE
FILTER TYPE=NONE
FILTER TYPE=BODY
PICK OPTION=TOGGLE PROPERTY=UniqueName LABEL='Cylinder'
DELETE REGULARIZE=YES EXTERNAL=NO
SKETCH OBJECT=CYLINDER +COMPLETE
PREVIEW OPTION=START REDISPLAY=NO | CYLINDER Name='Cylinder' X0=0 Y0=0 Z0=0 X1=0 Y1=0 Z1=0 -TUBE SHAPECONTROL=CONE MAJORRADIUS=2 MINORRADIUS=2 TOPRADIUS=1 SIDES=2
PREVIEW OPTION=START REDISPLAY=NO | CYLINDER Name='Cylinder' X0=0 Y0=0 Z0=0 X1=0 Y1=0 Z1=0 -TUBE SHAPECONTROL=CONE MAJORRADIUS=3 MINORRADIUS=3 TOPRADIUS=1 SIDES=2
PREVIEW OPTION=START REDISPLAY=NO | CYLINDER Name='Cylinder' X0=0 Y0=0 Z0=0 X1=0 Y1=5 Z1=0 -TUBE SHAPECONTROL=CONE MAJORRADIUS=3 MINORRADIUS=3 TOPRADIUS=1 SIDES=2
PREVIEW OPTION=END REDISPLAY=NO |  CYLINDER Name='Cylinder' X0=0 Y0=0 Z0=0 X1=0 Y1=5 Z1=0 -TUBE SHAPECONTROL=CONE MAJORRADIUS=3 MINORRADIUS=3 TOPRADIUS=1 SIDES=2
THREED OPTION=SETVIEW SIZE=0
PREVIEW OPTION=PICK | PICK OPTION=ADD PROPERTY=UniqueName LABEL='Cylinder'

PREVIEW OPTION=START REDISPLAY=NO | TRANSFORM OPTION=APPLY TYPE=DISPLACE DU=0 DV=0 DW=0
PREVIEW OPTION=UNPICK REDISPLAY=NO |
FILTER TYPE=BODY
PICK OPTION=TOGGLE PROPERTY=UniqueName LABEL='Cylinder'
DELETE REGULARIZE=YES EXTERNAL=NO
SKETCH OBJECT=BLOCK +COMPLETE
PREVIEW OPTION=START REDISPLAY=NO | BLOCK Name='Block' X0=-10 Y0=0 Z0=10 X1=10 Y1=2 Z1=-10
PREVIEW OPTION=END REDISPLAY=NO |  BLOCK Name='Block' X0=-10 Y0=0 Z0=10 X1=10 Y1=2 Z1=-10
SKETCH OBJECT=BLOCK +COMPLETE
PREVIEW OPTION=START REDISPLAY=NO | BLOCK Name='Block' X0=-9 Y0=2 Z0=-19 X1=-8 Y1=15 Z1=-18
PREVIEW OPTION=START REDISPLAY=NO | BLOCK Name='Block' X0=-9 Y0=2 Z0=-9 X1=-8 Y1=15 Z1=-8
PREVIEW OPTION=END REDISPLAY=NO |  BLOCK Name='Block' X0=-9 Y0=2 Z0=-9 X1=-8 Y1=15 Z1=-8
FILTER TYPE=BODY
PICK OPTION=TOGGLE PROPERTY=UniqueName LABEL='Block-001'
PREVIEW OPTION=PICK | PICK OPTION=ADD PROPERTY=UniqueName LABEL='Block-001'

PREVIEW OPTION=ACCEPT REDISPLAY=NO |  TRANSFORM OPTION=APPLY KEEP=YES TYPE=DISPLACE DU=0 DV=0 DW=2
TRANSFORM OPTION=APPLY KEEP=YES TYPE=DISPLACE DU=0 DV=0 DW=0
TRANSFORM OPTION=APPLY KEEP=YES TYPE=DISPLACE DU=0 DV=0 DW=-2
TRANSFORM OPTION=COPY KEEP=YES TYPE=DISPLACE DU=0 DV=0 DW=2 COUNT=8
TRANSFORM OPTION=COPY KEEP=YES TYPE=DISPLACE DU=2 DV=0 DW=0 COUNT=8
TRANSFORM OPTION=COPY KEEP=NO TYPE=DISPLACE DU=2 DV=0 DW=0 COUNT=8
PICK OPTION=TOGGLE PROPERTY=UniqueName LABEL='Block:AAE-001'
PICK OPTION=TOGGLE PROPERTY=UniqueName LABEL='Block:AAE-003'
PICK OPTION=TOGGLE PROPERTY=UniqueName LABEL='Block:AAE-002'
PICK OPTION=TOGGLE PROPERTY=UniqueName LABEL='Block:AAE-004'
PICK OPTION=TOGGLE PROPERTY=UniqueName LABEL='Block:AAE-005'
PICK OPTION=TOGGLE PROPERTY=UniqueName LABEL='Block:AAE-006'
PICK OPTION=TOGGLE PROPERTY=UniqueName LABEL='Block:AAE-007'
PICK OPTION=TOGGLE PROPERTY=UniqueName LABEL='Block:AAE-008'
PREVIEW OPTION=PICK | PICK OPTION=ADD PROPERTY=UniqueName LABEL='Block:AAE-006'

PREVIEW OPTION=ACCEPT REDISPLAY=NO |  TRANSFORM OPTION=COPY KEEP=YES TYPE=DISPLACE DU=2 DV=0 DW=0 COUNT=8
TRANSFORM OPTION=COPY KEEP=NO TYPE=DISPLACE DU=2 DV=0 DW=0 COUNT=8
PICK OPTION=TOGGLE PROPERTY=UniqueName LABEL='Block:AAE-008'
PICK OPTION=TOGGLE PROPERTY=UniqueName LABEL='Block:AAI-008'
PICK OPTION=TOGGLE PROPERTY=UniqueName LABEL='Block:AAI-016'
PICK OPTION=TOGGLE PROPERTY=UniqueName LABEL='Block:AAI-024'
PICK OPTION=TOGGLE PROPERTY=UniqueName LABEL='Block:AAI-032'
PICK OPTION=TOGGLE PROPERTY=UniqueName LABEL='Block:AAI-040'
PICK OPTION=TOGGLE PROPERTY=UniqueName LABEL='Block:AAI-048'
PICK OPTION=TOGGLE PROPERTY=UniqueName LABEL='Block:AAI-056'
PICK OPTION=TOGGLE PROPERTY=UniqueName LABEL='Block:AAI-064'
PREVIEW OPTION=PICK | PICK OPTION=ADD PROPERTY=UniqueName LABEL='Block:AAI-032'

PREVIEW OPTION=ACCEPT REDISPLAY=NO |  TRANSFORM OPTION=COPY KEEP=YES TYPE=DISPLACE DU=0 DV=0 DW=2 COUNT=8
PICK OPTION=RESET
PICK OPTION=TOGGLE PROPERTY=UniqueName LABEL='Block:AAJ-064'
PICK OPTION=TOGGLE PROPERTY=UniqueName LABEL='Block:AAJ-055'
PICK OPTION=TOGGLE PROPERTY=UniqueName LABEL='Block:AAJ-046'
UNDO
UNDO
PREVIEW OPTION=PICK | PICK OPTION=ADD PROPERTY=UniqueName LABEL='Block:AAE-008'

PREVIEW OPTION=ACCEPT REDISPLAY=NO |  TRANSFORM OPTION=COPY KEEP=YES TYPE=DISPLACE DU=0 DV=0 DW=2 COUNT=1
TRANSFORM OPTION=COPY KEEP=NO TYPE=DISPLACE DU=0 DV=0 DW=2 COUNT=1
PICK OPTION=TOGGLE PROPERTY=UniqueName LABEL='Block:AAG-008'
PICK OPTION=TOGGLE PROPERTY=UniqueName LABEL='Block:AAI-057'
PICK OPTION=TOGGLE PROPERTY=UniqueName LABEL='Block:AAI-059'
PICK OPTION=TOGGLE PROPERTY=UniqueName LABEL='Block:AAI-058'
PICK OPTION=TOGGLE PROPERTY=UniqueName LABEL='Block:AAI-060'
PICK OPTION=TOGGLE PROPERTY=UniqueName LABEL='Block:AAI-061'
PICK OPTION=TOGGLE PROPERTY=UniqueName LABEL='Block:AAI-062'
PICK OPTION=TOGGLE PROPERTY=UniqueName LABEL='Block:AAI-063'
PICK OPTION=TOGGLE PROPERTY=UniqueName LABEL='Block:AAI-064'
PICK OPTION=TOGGLE PROPERTY=UniqueName LABEL='Block:AAL-009'
PREVIEW OPTION=PICK | PICK OPTION=ADD PROPERTY=UniqueName LABEL='Block:AAL-009'

PREVIEW OPTION=ACCEPT REDISPLAY=NO |  TRANSFORM OPTION=COPY KEEP=YES TYPE=DISPLACE DU=2 DV=0 DW=0 COUNT=1
TRANSFORM OPTION=COPY KEEP=NO TYPE=DISPLACE DU=2 DV=0 DW=0 COUNT=1
PICK OPTION=TOGGLE PROPERTY=UniqueName LABEL='Block'
PREVIEW OPTION=PICK | PICK OPTION=ADD PROPERTY=UniqueName LABEL='Block'

PREVIEW OPTION=UNPICK REDISPLAY=NO | PICK OPTION=RESET
PICK OPTION=TOGGLE PROPERTY=UniqueName LABEL='Block'
PREVIEW OPTION=PICK | PICK OPTION=ADD PROPERTY=UniqueName LABEL='Block'

PREVIEW OPTION=ACCEPT REDISPLAY=NO |  TRANSFORM OPTION=APPLY KEEP=YES TYPE=DISPLACE DU=1 DV=0 DW=0
TRANSFORM OPTION=APPLY KEEP=YES TYPE=DISPLACE DU=-0.5 DV=0 DW=0
TRANSFORM OPTION=APPLY KEEP=NO TYPE=DISPLACE DU=-0.5 DV=0 DW=0
UNDO
PICK OPTION=TOGGLE PROPERTY=UniqueName LABEL='Block'
PICK OPTION=TOGGLE PROPERTY=UniqueName LABEL='Block'
PICK OPTION=TOGGLE PROPERTY=UniqueName LABEL='Block'
PICK OPTION=TOGGLE PROPERTY=UniqueName LABEL='Block'
PREVIEW OPTION=PICK | PICK OPTION=ADD PROPERTY=UniqueName LABEL='Block'

PREVIEW OPTION=UNPICK REDISPLAY=NO | PICK OPTION=RESET
PREVIEW OPTION=PICK | PICK OPTION=ADD PROPERTY=UniqueName LABEL='Block'

PREVIEW OPTION=ACCEPT REDISPLAY=NO |  TRANSFORM OPTION=APPLY KEEP=YES TYPE=DISPLACE DU=-0.5 DV=0 DW=0
PICK OPTION=RESET
UNDO
UNDO
PICK OPTION=TOGGLE PROPERTY=UniqueName LABEL='Block'
PICK OPTION=TOGGLE PROPERTY=UniqueName LABEL='Block'
PREVIEW OPTION=PICK | PICK OPTION=ADD PROPERTY=UniqueName LABEL='Block'

PREVIEW OPTION=UNPICK REDISPLAY=NO | PICK OPTION=RESET
PREVIEW OPTION=PICK | PICK OPTION=ADD PROPERTY=UniqueName LABEL='Block'

PREVIEW OPTION=START REDISPLAY=NO | TRANSFORM OPTION=APPLY TYPE=DISPLACE DU=0 DV=0.5 DW=0
PREVIEW OPTION=START REDISPLAY=NO | TRANSFORM OPTION=APPLY TYPE=DISPLACE DU=0 DV=0 DW=0
PREVIEW OPTION=START REDISPLAY=NO | TRANSFORM OPTION=APPLY TYPE=DISPLACE DU=0 DV=0 DW=0.5
PREVIEW OPTION=ACCEPT REDISPLAY=NO |  TRANSFORM OPTION=APPLY KEEP=YES TYPE=DISPLACE DU=0 DV=0 DW=0.5
TRANSFORM OPTION=APPLY KEEP=NO TYPE=DISPLACE DU=0 DV=0 DW=0.5
PICK OPTION=TOGGLE PROPERTY=UniqueName LABEL='Block:AAL-006'
PICK OPTION=ALL TYPE=BODY
PICK OPTION=TOGGLE PROPERTY=UniqueName LABEL='Block'
DELETE REGULARIZE=YES EXTERNAL=NO
SKETCH OBJECT=CYLINDER +COMPLETE

PICK OPTION=TOGGLE PROPERTY=UniqueName LABEL='Block'
PREVIEW OPTION=PICK | PICK OPTION=ADD PROPERTY=UniqueName LABEL='Block'

PREVIEW OPTION=UNPICK REDISPLAY=YES
DELETE REGULARIZE=YES EXTERNAL=NO
SKETCH OBJECT=BLOCK +COMPLETE

SKETCH OBJECT=CYLINDER +COMPLETE
PREVIEW OPTION=START REDISPLAY=NO | CYLINDER Name='Cylinder' X0=0 Y0=0 Z0=0 X1=0 Y1=5 Z1=0 -TUBE SHAPECONTROL=CONE MAJORRADIUS=3 MINORRADIUS=3 TOPRADIUS=1 SIDES=4
PREVIEW OPTION=START REDISPLAY=NO | CYLINDER Name='Cylinder' X0=0 Y0=0 Z0=0 X1=0 Y1=5 Z1=0 -TUBE SHAPECONTROL=CONE MAJORRADIUS=1 MINORRADIUS=1 TOPRADIUS=1 SIDES=4
PREVIEW OPTION=START REDISPLAY=NO | CYLINDER Name='Cylinder' X0=0 Y0=0 Z0=0 X1=0 Y1=5 Z1=0 -TUBE SHAPECONTROL=CONE MAJORRADIUS=4 MINORRADIUS=4 TOPRADIUS=5 SIDES=4
PREVIEW OPTION=START REDISPLAY=NO | CYLINDER Name='Cylinder' X0=0 Y0=0 Z0=0 X1=0 Y1=5 Z1=0 -TUBE SHAPECONTROL=CONE MAJORRADIUS=5 MINORRADIUS=5 TOPRADIUS=4 SIDES=4
PREVIEW OPTION=START REDISPLAY=NO | CYLINDER Name='Cylinder' X0=0 Y0=0 Z0=0 X1=0 Y1=50 Z1=0 -TUBE SHAPECONTROL=CONE MAJORRADIUS=5 MINORRADIUS=5 TOPRADIUS=4 SIDES=4
PREVIEW OPTION=END REDISPLAY=YES
SKETCH OBJECT=TORUS +COMPLETE
PREVIEW OPTION=START REDISPLAY=NO | TORUS Name='Torus' X0=0 Y0=0 Z0=0 MAJORRADIUS=50 MINORRADIUS=10
PREVIEW OPTION=END REDISPLAY=YES
SKETCH OBJECT=CYLINDER +COMPLETE
PREVIEW OPTION=START REDISPLAY=NO | CYLINDER Name='Cylinder' X0=0 Y0=0 Z0=0 X1=0 Y1=50 Z1=0 -TUBE SHAPECONTROL=GENERAL MAJORRADIUS=50 MINORRADIUS=10 TOPRADIUS=0 -TUBE SIDES=4
PREVIEW OPTION=START REDISPLAY=NO | CYLINDER Name='Cylinder' X0=0 Y0=0 Z0=0 X1=0 Y1=0 Z1=0 -TUBE SHAPECONTROL=GENERAL MAJORRADIUS=50 MINORRADIUS=10 TOPRADIUS=0 -TUBE SIDES=4
PREVIEW OPTION=END REDISPLAY=YES
SKETCH OBJECT=TORUS +COMPLETE
PREVIEW OPTION=START REDISPLAY=NO | TORUS Name='Torus' X0=0 Y0=0 Z0=0 MAJORRADIUS=50 MINORRADIUS=10
PREVIEW OPTION=END REDISPLAY=NO |  TORUS Name='Torus' X0=0 Y0=0 Z0=0 MAJORRADIUS=50 MINORRADIUS=10
PICK OPTION=RESET
FILTER TYPE=EDGE
FILTER TYPE=VERTEX
FILTER TYPE=FACE
FILTER TYPE=EDGE
FILTER TYPE=FACE
PICK OPTION=TOGGLE TYPE=FACE UNIQUEBODYNAME='Torus' IDENTIFIER=A.00001
PREVIEW OPTION=PICK | PICK OPTION=ADD TYPE=FACE UNIQUEBODYNAME='Torus' IDENTIFIER=A.00001

PREVIEW OPTION=UNPICK REDISPLAY=NO | PICK OPTION=RESET
PREVIEW OPTION=PICK | PICK OPTION=ADD TYPE=FACE UNIQUEBODYNAME='Torus' IDENTIFIER=A.00001

PREVIEW OPTION=UNPICK REDISPLAY=NO |
PICK OPTION=TOGGLE TYPE=FACE UNIQUEBODYNAME='Torus' IDENTIFIER=A.00001
PREVIEW OPTION=PICK | PICK OPTION=ADD TYPE=FACE UNIQUEBODYNAME='Torus' IDENTIFIER=A.00001

PREVIEW OPTION=UNPICK REDISPLAY=NO | PICK OPTION=RESET
PICK OPTION=TOGGLE TYPE=FACE UNIQUEBODYNAME='Torus' IDENTIFIER=A.00001
PREVIEW OPTION=PICK | PICK OPTION=ADD TYPE=FACE UNIQUEBODYNAME='Torus' IDENTIFIER=A.00001

PREVIEW OPTION=UNPICK REDISPLAY=NO | PICK OPTION=RESET
FILTER TYPE=FACE
FILTER TYPE=EDGE
THREED OPTION=SETVIEW SIZE=0
SOLENOID OPTION=LOAD

FILTER TYPE=BODY
PICK OPTION=TOGGLE PROPERTY=UniqueName LABEL='Torus'
DELETE REGULARIZE=YES EXTERNAL=NO
SOLENOID OPTION=LOAD

SKETCH OBJECT=CYLINDER +COMPLETE
PREVIEW OPTION=START REDISPLAY=NO | CYLINDER Name='Cylinder' X0=0 Y0=0 Z0=0 X1=0 Y1=0 Z1=0 +TUBE SHAPECONTROL=TUBE MAJORRADIUS=50 MINORRADIUS=50 TOPRADIUS=50 THICKNESS=4 SIDES=2
PREVIEW OPTION=START REDISPLAY=NO | CYLINDER Name='Cylinder' X0=0 Y0=0 Z0=0 X1=0 Y1=0 Z1=0 +TUBE SHAPECONTROL=TUBE MAJORRADIUS=50 MINORRADIUS=50 TOPRADIUS=50 THICKNESS=1 SIDES=2
PREVIEW OPTION=START REDISPLAY=NO | CYLINDER Name='Cylinder' X0=0 Y0=0 Z0=0 X1=0 Y1=0 Z1=0 +TUBE SHAPECONTROL=TUBE MAJORRADIUS=50 MINORRADIUS=50 TOPRADIUS=50 THICKNESS=5 SIDES=2
PREVIEW OPTION=START REDISPLAY=NO | CYLINDER Name='Cylinder' X0=0 Y0=0 Z0=0 X1=0 Y1=0 Z1=0 +TUBE SHAPECONTROL=TUBE MAJORRADIUS=360 MINORRADIUS=360 TOPRADIUS=360 THICKNESS=5 SIDES=2
PREVIEW OPTION=START REDISPLAY=NO | CYLINDER Name='Cylinder' X0=0 Y0=0 Z0=0 X1=0 Y1=0 Z1=0 +TUBE SHAPECONTROL=TUBE MAJORRADIUS=180 MINORRADIUS=180 TOPRADIUS=180 THICKNESS=5 SIDES=2
PREVIEW OPTION=START REDISPLAY=NO | CYLINDER Name='Cylinder' X0=0 Y0=0 Z0=0 X1=0 Y1=0 Z1=0 +TUBE SHAPECONTROL=TUBE MAJORRADIUS=50 MINORRADIUS=50 TOPRADIUS=50 THICKNESS=5 SIDES=2
PREVIEW OPTION=START REDISPLAY=NO | CYLINDER Name='Cylinder' X0=0 Y0=0 Z0=0 X1=0 Y1=0 Z1=0 +TUBE SHAPECONTROL=TUBE MAJORRADIUS=50 MINORRADIUS=50 TOPRADIUS=50 THICKNESS=30 SIDES=2
PREVIEW OPTION=START REDISPLAY=NO | CYLINDER Name='Cylinder' X0=0 Y0=0 Z0=0 X1=0 Y1=0 Z1=0 +TUBE SHAPECONTROL=TUBE MAJORRADIUS=50 MINORRADIUS=50 TOPRADIUS=50 THICKNESS=10 SIDES=2
PREVIEW OPTION=START REDISPLAY=NO | CYLINDER Name='Cylinder' X0=0 Y0=0 Z0=0 X1=0 Y1=0 Z1=0 +TUBE SHAPECONTROL=TUBE MAJORRADIUS=50 MINORRADIUS=50 TOPRADIUS=50 THICKNESS=10 SIDES=4
PREVIEW OPTION=START REDISPLAY=NO | CYLINDER Name='Cylinder' X0=0 Y0=0 Z0=0 X1=0 Y1=0 Z1=0 +TUBE SHAPECONTROL=TUBE MAJORRADIUS=50 MINORRADIUS=50 TOPRADIUS=50 THICKNESS=10 SIDES=0
PREVIEW OPTION=END REDISPLAY=NO |  CYLINDER Name='Cylinder' X0=0 Y0=0 Z0=0 X1=0 Y1=0 Z1=0 +TUBE SHAPECONTROL=TUBE MAJORRADIUS=50 MINORRADIUS=50 TOPRADIUS=50 THICKNESS=10 SIDES=2
PICK OPTION=TOGGLE PROPERTY=UniqueName LABEL='Cylinder'
PREVIEW OPTION=PICK | PICK OPTION=ADD PROPERTY=UniqueName LABEL='Cylinder'

PREVIEW OPTION=UNPICK REDISPLAY=NO | PICK OPTION=RESET
PICK OPTION=TOGGLE PROPERTY=UniqueName LABEL='Cylinder'
PREVIEW OPTION=PICK | PICK OPTION=ADD PROPERTY=UniqueName LABEL='Cylinder'

PREVIEW OPTION=UNPICK REDISPLAY=YES
FILTER TYPE=FACE
PICK OPTION=TOGGLE TYPE=FACE UNIQUEBODYNAME='Cylinder' IDENTIFIER=A.00001
PREVIEW OPTION=PICK | PICK OPTION=ADD TYPE=FACE UNIQUEBODYNAME='Cylinder' IDENTIFIER=A.00001

PREVIEW OPTION=ACCEPT REDISPLAY=NO |  OFFSET KEEP=YES DISTANCE=1
OFFSET KEEP=YES DISTANCE=1
OFFSET KEEP=YES DISTANCE=1
OFFSET KEEP=YES DISTANCE=1
OFFSET KEEP=YES DISTANCE=1
OFFSET KEEP=NO  DISTANCE=1
PICK OPTION=TOGGLE TYPE=FACE UNIQUEBODYNAME='Cylinder' IDENTIFIER=B.00003
PICK OPTION=TOGGLE TYPE=FACE UNIQUEBODYNAME='Cylinder' IDENTIFIER=B.00002
PICK OPTION=RESET
FILTER TYPE=BODY
PICK OPTION=TOGGLE PROPERTY=UniqueName LABEL='Cylinder'
PREVIEW OPTION=PICK | PICK OPTION=ADD PROPERTY=UniqueName LABEL='Cylinder'

PREVIEW OPTION=ACCEPT REDISPLAY=NO |  TRANSFORM OPTION=COPY KEEP=YES TYPE=DISPLACE DU=0 DV=0 DW=-100 COUNT=1
TRANSFORM OPTION=COPY KEEP=NO TYPE=DISPLACE DU=0 DV=0 DW=-100 COUNT=1
THREED OPTION=SETVIEW SIZE=0
THREED OPTION=SETVIEW SIZE=0
THREED OPTION=GETVIEW | THREED OPTION=SETVIEW ROTX=0.0001 ROTY=-90 ROTZ=0.0001
THREED OPTION=GETVIEW | THREED OPTION=SETVIEW ROTX=0.0001 ROTY=90 ROTZ=0.0001
THREED OPTION=GETVIEW | THREED OPTION=SETVIEW ROTX=90 ROTY=0.0001 ROTZ=0.0001
THREED OPTION=GETVIEW | THREED OPTION=SETVIEW ROTX=-90 ROTY=0.0001 ROTZ=0.0001
SKETCH OBJECT=CYLINDER +COMPLETE
PREVIEW OPTION=START REDISPLAY=NO | CYLINDER Name='Cylinder' X0=-50 Y0=-45 Z0=-100 X1=-50 Y1=-45 Z1=0 +TUBE SHAPECONTROL=TUBE MAJORRADIUS=50 MINORRADIUS=50 TOPRADIUS=50 THICKNESS=10 SIDES=2
PREVIEW OPTION=START REDISPLAY=NO | CYLINDER Name='Cylinder' X0=-50 Y0=-45 Z0=-100 X1=-50 Y1=-45 Z1=0 +TUBE SHAPECONTROL=TUBE MAJORRADIUS=50 MINORRADIUS=50 TOPRADIUS=50 THICKNESS=1 SIDES=2
PREVIEW OPTION=START REDISPLAY=NO | CYLINDER Name='Cylinder' X0=-50 Y0=-45 Z0=-100 X1=-50 Y1=-45 Z1=0 +TUBE SHAPECONTROL=TUBE MAJORRADIUS=10 MINORRADIUS=10 TOPRADIUS=10 THICKNESS=1 SIDES=2
PREVIEW OPTION=START REDISPLAY=NO | CYLINDER Name='Cylinder' X0=-50 Y0=-45 Z0=-100 X1=-50 Y1=-45 Z1=0 +TUBE SHAPECONTROL=TUBE MAJORRADIUS=1 MINORRADIUS=1 TOPRADIUS=1 THICKNESS=1 SIDES=2
PREVIEW OPTION=START REDISPLAY=NO | CYLINDER Name='Cylinder' X0=-50 Y0=-45 Z0=-100 X1=-50 Y1=-45 Z1=0 +TUBE SHAPECONTROL=TUBE MAJORRADIUS=2 MINORRADIUS=2 TOPRADIUS=2 THICKNESS=1 SIDES=2
PREVIEW OPTION=START REDISPLAY=NO | CYLINDER Name='Cylinder' X0=-50 Y0=-45 Z0=-100 X1=-50 Y1=-45 Z1=0 +TUBE SHAPECONTROL=TUBE MAJORRADIUS=2 MINORRADIUS=2 TOPRADIUS=2 THICKNESS=1 SIDES=2
PREVIEW OPTION=START REDISPLAY=NO | CYLINDER Name='Cylinder' X0=-50 Y0=-45 Z0=-100 X1=-50 Y1=-45 Z1=0 +TUBE SHAPECONTROL=TUBE MAJORRADIUS=3 MINORRADIUS=3 TOPRADIUS=3 THICKNESS=1 SIDES=2
PREVIEW OPTION=START REDISPLAY=NO | CYLINDER Name='Cylinder' X0=-50 Y0=-45 Z0=-100 X1=-50 Y1=-45 Z1=0 +TUBE SHAPECONTROL=TUBE MAJORRADIUS=3 MINORRADIUS=3 TOPRADIUS=3 THICKNESS=1 SIDES=2
PREVIEW OPTION=START REDISPLAY=NO | CYLINDER Name='Cylinder' X0=-50 Y0=-45 Z0=-100 X1=-50 Y1=-45 Z1=5 +TUBE SHAPECONTROL=TUBE MAJORRADIUS=3 MINORRADIUS=3 TOPRADIUS=3 THICKNESS=1 SIDES=2
PREVIEW OPTION=START REDISPLAY=NO | CYLINDER Name='Cylinder' X0=-50 Y0=-45 Z0=-100 X1=-50 Y1=-45 Z1=5 +TUBE SHAPECONTROL=TUBE MAJORRADIUS=3 MINORRADIUS=3 TOPRADIUS=3 THICKNESS=1 SIDES=2
PREVIEW OPTION=START REDISPLAY=NO | CYLINDER Name='Cylinder' X0=-50 Y0=-45 Z0=-100 X1=-50 Y1=-45 Z1=10 +TUBE SHAPECONTROL=TUBE MAJORRADIUS=3 MINORRADIUS=3 TOPRADIUS=3 THICKNESS=1 SIDES=2
PREVIEW OPTION=START REDISPLAY=NO | CYLINDER Name='Cylinder' X0=-50 Y0=-45 Z0=-100 X1=-50 Y1=-45 Z1=8 +TUBE SHAPECONTROL=TUBE MAJORRADIUS=3 MINORRADIUS=3 TOPRADIUS=3 THICKNESS=1 SIDES=2
PREVIEW OPTION=START REDISPLAY=NO | CYLINDER Name='Cylinder' X0=-50 Y0=-45 Z0=-100 X1=-50 Y1=-45 Z1=8 +TUBE SHAPECONTROL=TUBE MAJORRADIUS=3 MINORRADIUS=3 TOPRADIUS=3 THICKNESS=1 SIDES=2
PREVIEW OPTION=START REDISPLAY=NO | CYLINDER Name='Cylinder' X0=-50 Y0=-45 Z0=-100 X1=-50 Y1=-45 Z1=5 +TUBE SHAPECONTROL=TUBE MAJORRADIUS=3 MINORRADIUS=3 TOPRADIUS=3 THICKNESS=1 SIDES=2
PREVIEW OPTION=START REDISPLAY=NO | CYLINDER Name='Cylinder' X0=-45 Y0=-45 Z0=-100 X1=-45 Y1=-45 Z1=5 +TUBE SHAPECONTROL=TUBE MAJORRADIUS=3 MINORRADIUS=3 TOPRADIUS=3 THICKNESS=1 SIDES=2
PREVIEW OPTION=START REDISPLAY=NO | CYLINDER Name='Cylinder' X0=-45 Y0=0 Z0=-100 X1=-45 Y1=0 Z1=5 +TUBE SHAPECONTROL=TUBE MAJORRADIUS=3 MINORRADIUS=3 TOPRADIUS=3 THICKNESS=1 SIDES=2
PREVIEW OPTION=START REDISPLAY=NO | CYLINDER Name='Cylinder' X0=-45 Y0=-50 Z0=-100 X1=-45 Y1=0 Z1=5 +TUBE SHAPECONTROL=TUBE MAJORRADIUS=3 MINORRADIUS=3 TOPRADIUS=3 THICKNESS=1 SIDES=2
PREVIEW OPTION=START REDISPLAY=NO | CYLINDER Name='Cylinder' X0=-45 Y0=-50 Z0=-100 X1=-45 Y1=-50 Z1=5 +TUBE SHAPECONTROL=TUBE MAJORRADIUS=3 MINORRADIUS=3 TOPRADIUS=3 THICKNESS=1 SIDES=2
PREVIEW OPTION=START REDISPLAY=NO | CYLINDER Name='Cylinder' X0=-45 Y0=-50 Z0=-100 X1=-45 Y1=0 Z1=5 +TUBE SHAPECONTROL=TUBE MAJORRADIUS=3 MINORRADIUS=3 TOPRADIUS=3 THICKNESS=1 SIDES=2
PREVIEW OPTION=START REDISPLAY=NO | CYLINDER Name='Cylinder' X0=-45 Y0=0 Z0=-100 X1=-45 Y1=0 Z1=5 +TUBE SHAPECONTROL=TUBE MAJORRADIUS=3 MINORRADIUS=3 TOPRADIUS=3 THICKNESS=1 SIDES=2
PREVIEW OPTION=END REDISPLAY=NO |  CYLINDER Name='Cylinder' X0=-45 Y0=0 Z0=-100 X1=-45 Y1=0 Z1=5 +TUBE SHAPECONTROL=TUBE MAJORRADIUS=3 MINORRADIUS=3 TOPRADIUS=3 THICKNESS=1 SIDES=2
PICK OPTION=TOGGLE PROPERTY=UniqueName LABEL='Cylinder-001'
PREVIEW OPTION=PICK | PICK OPTION=ADD PROPERTY=UniqueName LABEL='Cylinder-001'

PREVIEW OPTION=ACCEPT REDISPLAY=NO |  TRANSFORM OPTION=COPY KEEP=YES TYPE=ROTATE ROTU=0 ROTV=0 ROTW=1 ANGLE=0 COUNT=10
TRANSFORM OPTION=COPY KEEP=YES TYPE=ROTATE ROTU=0 ROTV=1 ROTW=1 ANGLE=0 COUNT=10
TRANSFORM OPTION=COPY KEEP=YES TYPE=ROTATE ROTU=1 ROTV=1 ROTW=1 ANGLE=0 COUNT=10
TRANSFORM OPTION=COPY KEEP=YES TYPE=ROTATE ROTU=1 ROTV=1 ROTW=1 ANGLE=10 COUNT=10
PICK OPTION=RESET
UNDO
UNDO
PICK OPTION=TOGGLE PROPERTY=UniqueName LABEL='Cylinder:ABB-010'
PREVIEW OPTION=PICK | PICK OPTION=ADD PROPERTY=UniqueName LABEL='Cylinder:ABB-010'

PREVIEW OPTION=START REDISPLAY=NO | TRANSFORM OPTION=COPY TYPE=ROTATE ROTU=1 ROTV=1 ROTW=1 ANGLE=10 COUNT=10
PREVIEW OPTION=START REDISPLAY=NO | TRANSFORM OPTION=COPY TYPE=ROTATE ROTU=1 ROTV=0 ROTW=1 ANGLE=10 COUNT=10
PREVIEW OPTION=START REDISPLAY=NO | TRANSFORM OPTION=COPY TYPE=ROTATE ROTU=0 ROTV=0 ROTW=1 ANGLE=10 COUNT=10
PREVIEW OPTION=START REDISPLAY=NO | TRANSFORM OPTION=COPY TYPE=ROTATE ROTU=0 ROTV=0 ROTW=1 ANGLE=100 COUNT=10
PREVIEW OPTION=START REDISPLAY=NO | TRANSFORM OPTION=COPY TYPE=ROTATE ROTU=0 ROTV=0 ROTW=1 ANGLE=20 COUNT=10
PREVIEW OPTION=START REDISPLAY=NO | TRANSFORM OPTION=COPY TYPE=ROTATE ROTU=0 ROTV=0 ROTW=1 ANGLE=40 COUNT=10
PREVIEW OPTION=START REDISPLAY=NO | TRANSFORM OPTION=COPY TYPE=ROTATE ROTU=0 ROTV=0 ROTW=1 ANGLE=36 COUNT=10
PREVIEW OPTION=START REDISPLAY=NO | TRANSFORM OPTION=COPY TYPE=ROTATE ROTU=0 ROTV=0 ROTW=1 ANGLE=5 COUNT=10
PREVIEW OPTION=START REDISPLAY=NO | TRANSFORM OPTION=COPY TYPE=ROTATE ROTU=0 ROTV=0 ROTW=1 ANGLE=35 COUNT=10
PREVIEW OPTION=ACCEPT REDISPLAY=NO |  TRANSFORM OPTION=COPY KEEP=YES TYPE=ROTATE ROTU=0 ROTV=0 ROTW=1 ANGLE=35 COUNT=10
TRANSFORM OPTION=COPY KEEP=NO TYPE=ROTATE ROTU=0 ROTV=0 ROTW=1 ANGLE=35 COUNT=10
PICK OPTION=TOGGLE PROPERTY=UniqueName LABEL='Cylinder:ABN-012'
CLEAR REVERT=NO
SKETCH OBJECT=BLOCK +COMPLETE
PREVIEW OPTION=START REDISPLAY=NO | BLOCK Name='Block' X0=0 Y0=0 Z0=0 X1=10 Y1=10 Z1=10
PREVIEW OPTION=START REDISPLAY=NO | BLOCK Name='Block' X0=0 Y0=0 Z0=0 X1=10 Y1=0 Z1=10
PREVIEW OPTION=START REDISPLAY=NO | BLOCK Name='Block' X0=0 Y0=0 Z0=0 X1=10 Y1=10 Z1=10
PREVIEW OPTION=END REDISPLAY=NO |  BLOCK Name='Block' X0=0 Y0=0 Z0=0 X1=10 Y1=10 Z1=10
SKETCH OBJECT=SPHERE +COMPLETE
PREVIEW OPTION=START REDISPLAY=NO | SPHERE Name='Sphere' X0=-10 Y0=10 Z0=10 RADIUS=360
PREVIEW OPTION=START REDISPLAY=NO | SPHERE Name='Sphere' X0=-10 Y0=10 Z0=10 RADIUS=10
PREVIEW OPTION=START REDISPLAY=NO | SPHERE Name='Sphere' X0=-10 Y0=10 Z0=10 RADIUS=15
PREVIEW OPTION=END REDISPLAY=NO |  SPHERE Name='Sphere' X0=-10 Y0=10 Z0=10 RADIUS=15
SKETCH OBJECT=CYLINDER +COMPLETE
PREVIEW OPTION=START REDISPLAY=NO | CYLINDER Name='Cylinder' X0=10 Y0=10 Z0=10 X1=10 Y1=10 Z1=10 -TUBE SHAPECONTROL=CONE MAJORRADIUS=2 MINORRADIUS=2 TOPRADIUS=3 SIDES=2
PREVIEW OPTION=START REDISPLAY=NO | CYLINDER Name='Cylinder' X0=10 Y0=10 Z0=10 X1=15 Y1=15 Z1=15 -TUBE SHAPECONTROL=CONE MAJORRADIUS=2 MINORRADIUS=2 TOPRADIUS=3 SIDES=2
PREVIEW OPTION=END REDISPLAY=NO |  CYLINDER Name='Cylinder' X0=10 Y0=10 Z0=10 X1=15 Y1=15 Z1=15 -TUBE SHAPECONTROL=CONE MAJORRADIUS=2 MINORRADIUS=2 TOPRADIUS=3 SIDES=2
FILTER TYPE=BODY
PICK OPTION=TOGGLE PROPERTY=UniqueName LABEL='Cylinder'
PREVIEW OPTION=PICK | PICK OPTION=ADD PROPERTY=UniqueName LABEL='Cylinder'

PREVIEW OPTION=START REDISPLAY=NO | TRANSFORM OPTION=APPLY TYPE=DISPLACE DU=0 DV=1 DW=0
PREVIEW OPTION=START REDISPLAY=NO | TRANSFORM OPTION=APPLY TYPE=DISPLACE DU=0 DV=-1 DW=0
PREVIEW OPTION=ACCEPT REDISPLAY=NO |  TRANSFORM OPTION=APPLY KEEP=YES TYPE=DISPLACE DU=0 DV=-1 DW=0
TRANSFORM OPTION=APPLY KEEP=NO TYPE=DISPLACE DU=0 DV=-1 DW=0
THREED OPTION=SETVIEW SIZE=0
THREED OPTION=GETVIEW | THREED OPTION=SETVIEW ROTX=0.0001 ROTY=-90 ROTZ=0.0001
THREED OPTION=GETVIEW | THREED OPTION=SETVIEW ROTX=0.0001 ROTY=90 ROTZ=0.0001
THREED OPTION=GETVIEW | THREED OPTION=SETVIEW ROTX=90 ROTY=0.0001 ROTZ=0.0001
THREED OPTION=GETVIEW | THREED OPTION=SETVIEW ROTX=-90 ROTY=0.0001 ROTZ=0.0001
PICK OPTION=ALL TYPE=BODY
PICK OPTION=TOGGLE PROPERTY=UniqueName LABEL='Block'
CLEAR REVERT=NO
SKETCH OBJECT=CYLINDER +COMPLETE
PREVIEW OPTION=START REDISPLAY=NO | CYLINDER Name='Cylinder' X0=0 Y0=0 Z0=0 X1=0 Y1=20 Z1=0 -TUBE SHAPECONTROL=CONE MAJORRADIUS=40 MINORRADIUS=40 TOPRADIUS=5 SIDES=2
PREVIEW OPTION=END REDISPLAY=NO |  CYLINDER Name='Cylinder' X0=0 Y0=0 Z0=0 X1=0 Y1=20 Z1=0 -TUBE SHAPECONTROL=CONE MAJORRADIUS=40 MINORRADIUS=40 TOPRADIUS=5 SIDES=2
SKETCH OBJECT=CYLINDER +COMPLETE
PREVIEW OPTION=START REDISPLAY=NO | CYLINDER Name='Cylinder' X0=0 Y0=0 Z0=0 X1=0 Y1=20 Z1=0 -TUBE SHAPECONTROL=SIMPLE MAJORRADIUS=5 MINORRADIUS=5 TOPRADIUS=5 SIDES=2
PREVIEW OPTION=START REDISPLAY=NO | CYLINDER Name='Cylinder' X0=0 Y0=20 Z0=0 X1=0 Y1=90 Z1=0 -TUBE SHAPECONTROL=SIMPLE MAJORRADIUS=5 MINORRADIUS=5 TOPRADIUS=5 SIDES=2
PREVIEW OPTION=END REDISPLAY=NO |  CYLINDER Name='Cylinder' X0=0 Y0=20 Z0=0 X1=0 Y1=90 Z1=0 -TUBE SHAPECONTROL=SIMPLE MAJORRADIUS=5 MINORRADIUS=5 TOPRADIUS=5 SIDES=2
SKETCH OBJECT=CYLINDER +COMPLETE
PREVIEW OPTION=START REDISPLAY=NO | CYLINDER Name='Cylinder' X0=0 Y0=90 Z0=0 X1=0 Y1=110 Z1=0 -TUBE SHAPECONTROL=CONE MAJORRADIUS=5 MINORRADIUS=5 TOPRADIUS=40 SIDES=2
PREVIEW OPTION=END REDISPLAY=NO |  CYLINDER Name='Cylinder' X0=0 Y0=90 Z0=0 X1=0 Y1=110 Z1=0 -TUBE SHAPECONTROL=CONE MAJORRADIUS=5 MINORRADIUS=5 TOPRADIUS=40 SIDES=2
SKETCH OBJECT=CYLINDER +COMPLETE
PREVIEW OPTION=START REDISPLAY=NO | CYLINDER Name='Cylinder' X0=0 Y0=110 Z0=0 X1=0 Y1=150 Z1=0 -TUBE SHAPECONTROL=SIMPLE MAJORRADIUS=40 MINORRADIUS=40 TOPRADIUS=40 SIDES=2
PREVIEW OPTION=END REDISPLAY=NO |  CYLINDER Name='Cylinder' X0=0 Y0=110 Z0=0 X1=0 Y1=150 Z1=0 -TUBE SHAPECONTROL=SIMPLE MAJORRADIUS=40 MINORRADIUS=40 TOPRADIUS=40 SIDES=2
FILTER TYPE=BODY
PICK OPTION=TOGGLE PROPERTY=UniqueName LABEL='Cylinder-003'
PREVIEW OPTION=PICK | PICK OPTION=ADD PROPERTY=UniqueName LABEL='Cylinder-003'

PREVIEW OPTION=UNPICK REDISPLAY=NO | PICK OPTION=RESET
PREVIEW OPTION=PICK | PICK OPTION=ADD PROPERTY=UniqueName LABEL='Cylinder-003'

PREVIEW OPTION=UNPICK REDISPLAY=NO |
PICK OPTION=TOGGLE PROPERTY=UniqueName LABEL='Cylinder-003'
PREVIEW OPTION=PICK | PICK OPTION=ADD PROPERTY=UniqueName LABEL='Cylinder-003'

PREVIEW OPTION=UNPICK REDISPLAY=YES
PICK OPTION=TOGGLE PROPERTY=UniqueName LABEL='Cylinder-003'
PICK OPTION=TOGGLE PROPERTY=UniqueName LABEL='Cylinder-003'
DELETE REGULARIZE=YES EXTERNAL=NO
SKETCH OBJECT=TORUS +COMPLETE
PREVIEW OPTION=START REDISPLAY=NO | TORUS Name='Torus' X0=0 Y0=110 Z0=0 MAJORRADIUS=40 MINORRADIUS=1
PREVIEW OPTION=END REDISPLAY=NO |  TORUS Name='Torus' X0=0 Y0=110 Z0=0 MAJORRADIUS=40 MINORRADIUS=1
PICK OPTION=TOGGLE PROPERTY=UniqueName LABEL='Torus'
PREVIEW OPTION=PICK | PICK OPTION=ADD PROPERTY=UniqueName LABEL='Torus'

PREVIEW OPTION=START REDISPLAY=NO | TRANSFORM OPTION=APPLY TYPE=ROTATE ROTU=0 ROTV=0 ROTW=1 ANGLE=90
PREVIEW OPTION=START REDISPLAY=NO | TRANSFORM OPTION=APPLY TYPE=ROTATE ROTU=0 ROTV=0 ROTW=1 ANGLE=90
PREVIEW OPTION=UNPICK REDISPLAY=NO | PICK OPTION=RESET
PICK OPTION=TOGGLE PROPERTY=UniqueName LABEL='Torus'
PICK OPTION=TOGGLE PROPERTY=UniqueName LABEL='Torus'
PICK OPTION=TOGGLE PROPERTY=UniqueName LABEL='Torus'
PICK OPTION=TOGGLE PROPERTY=UniqueName LABEL='Torus'
FILTER TYPE=BODY
FILTER TYPE=BODY
PICK OPTION=TOGGLE PROPERTY=UniqueName LABEL='Torus'
PREVIEW OPTION=PICK | PICK OPTION=ADD PROPERTY=UniqueName LABEL='Torus'

PREVIEW OPTION=START REDISPLAY=NO | TRANSFORM OPTION=APPLY TYPE=ROTATE ROTU=1 ROTV=0 ROTW=0 ANGLE=90
PREVIEW OPTION=START REDISPLAY=NO | TRANSFORM OPTION=APPLY TYPE=ROTATE ROTU=0 ROTV=0 ROTW=0 ANGLE=90
PREVIEW OPTION=START REDISPLAY=NO | TRANSFORM OPTION=APPLY TYPE=ROTATE ROTU=0 ROTV=0 ROTW=0 ANGLE=90
PREVIEW OPTION=START REDISPLAY=NO | TRANSFORM OPTION=APPLY TYPE=ROTATE ROTU=0 ROTV=0 ROTW=0 ANGLE=180
PREVIEW OPTION=START REDISPLAY=NO | TRANSFORM OPTION=APPLY TYPE=ROTATE ROTU=0 ROTV=1 ROTW=0 ANGLE=180
PREVIEW OPTION=START REDISPLAY=NO | TRANSFORM OPTION=APPLY TYPE=ROTATE ROTU=0 ROTV=1 ROTW=0 ANGLE=90
PREVIEW OPTION=START REDISPLAY=NO | TRANSFORM OPTION=APPLY TYPE=ROTATE ROTU=0 ROTV=0 ROTW=1 ANGLE=90
PREVIEW OPTION=START REDISPLAY=NO | TRANSFORM OPTION=APPLY TYPE=ROTATE ROTU=0 ROTV=0 ROTW=0 ANGLE=90
PREVIEW OPTION=START REDISPLAY=NO | TRANSFORM OPTION=APPLY TYPE=ROTATE ROTU=1 ROTV=0 ROTW=0 ANGLE=90
PREVIEW OPTION=START REDISPLAY=NO | TRANSFORM OPTION=APPLY TYPE=ROTATE ROTU=2 ROTV=0 ROTW=0 ANGLE=90
PREVIEW OPTION=START REDISPLAY=NO | TRANSFORM OPTION=APPLY TYPE=ROTATE ROTU=5 ROTV=0 ROTW=0 ANGLE=90
PREVIEW OPTION=START REDISPLAY=NO | TRANSFORM OPTION=APPLY TYPE=ROTATE ROTU=0 ROTV=0 ROTW=0 ANGLE=90
PREVIEW OPTION=START REDISPLAY=NO | TRANSFORM OPTION=APPLY TYPE=ROTATE ROTU=0 ROTV=0 ROTW=1 ANGLE=90
PREVIEW OPTION=START REDISPLAY=NO | TRANSFORM OPTION=APPLY TYPE=ROTATE ROTU=0 ROTV=0 ROTW=0 ANGLE=90
PREVIEW OPTION=START REDISPLAY=NO | TRANSFORM OPTION=APPLY TYPE=ROTATE ROTU=0 ROTV=1 ROTW=0 ANGLE=90
PREVIEW OPTION=UNPICK REDISPLAY=NO | PICK OPTION=RESET
PICK OPTION=TOGGLE PROPERTY=UniqueName LABEL='Torus'
DELETE REGULARIZE=YES EXTERNAL=NO
UNDO
UNDO
UNDO
UNDO
UNDO
UNDO
UNDO
PICK OPTION=TOGGLE PROPERTY=UniqueName LABEL='Cylinder-003'
PICK OPTION=TOGGLE PROPERTY=UniqueName LABEL='Cylinder-003'
PICK OPTION=TOGGLE PROPERTY=UniqueName LABEL='Cylinder-003'
PICK OPTION=TOGGLE PROPERTY=UniqueName LABEL='Cylinder-003'
PREVIEW OPTION=PICK | PICK OPTION=ADD PROPERTY=UniqueName LABEL='Cylinder-003'

PREVIEW OPTION=UNPICK REDISPLAY=NO | PICK OPTION=RESET
PICK OPTION=TOGGLE PROPERTY=UniqueName LABEL='Cylinder-003'
PICK OPTION=TOGGLE PROPERTY=UniqueName LABEL='Cylinder-003'
PICK OPTION=TOGGLE PROPERTY=UniqueName LABEL='Cylinder-003'
DELETE REGULARIZE=YES EXTERNAL=NO
SKETCH OBJECT=CYLINDER +COMPLETE
PREVIEW OPTION=START REDISPLAY=NO | CYLINDER Name='Cylinder' X0=0 Y0=110 Z0=0 X1=0 Y1=150 Z1=0 +TUBE SHAPECONTROL=TUBE MAJORRADIUS=40 MINORRADIUS=40 TOPRADIUS=40 THICKNESS=1 SIDES=2
PREVIEW OPTION=END REDISPLAY=NO |  CYLINDER Name='Cylinder' X0=0 Y0=110 Z0=0 X1=0 Y1=150 Z1=0 +TUBE SHAPECONTROL=TUBE MAJORRADIUS=40 MINORRADIUS=40 TOPRADIUS=40 THICKNESS=1 SIDES=2
PICK OPTION=TOGGLE PROPERTY=UniqueName LABEL='Cylinder-002'
PREVIEW OPTION=PICK | PICK OPTION=ADD PROPERTY=UniqueName LABEL='Cylinder-002'

PREVIEW OPTION=UNPICK REDISPLAY=NO | PICK OPTION=RESET
PICK OPTION=TOGGLE PROPERTY=UniqueName LABEL='Cylinder-002'
PREVIEW OPTION=PICK | PICK OPTION=ADD PROPERTY=UniqueName LABEL='Cylinder-002'

PREVIEW OPTION=UNPICK REDISPLAY=YES
SKETCH OBJECT=CYLINDER +COMPLETE

PICK OPTION=TOGGLE PROPERTY=UniqueName LABEL='Cylinder-003'
PICK OPTION=ALL TYPE=BODY
PREVIEW OPTION=PICK | PICK OPTION=ADD PROPERTY=UniqueName LABEL='Cylinder-003'

PREVIEW OPTION=UNPICK REDISPLAY=YES | PICK OPTION=RESET
PREVIEW OPTION=PICK | PICK OPTION=ADD PROPERTY=UniqueName LABEL='Cylinder-003'

PREVIEW OPTION=UNPICK REDISPLAY=YES
PICK OPTION=ALL TYPE=BODY
COLOUR OPTION=GUIUPDATE

COLOUR OPTION=LOAD Code=7 | COLOUR OPTION=SET !TRANSLUCENT
PICK OPTION=TOGGLE PROPERTY=UniqueName LABEL='Cylinder-003'
PICK OPTION=TOGGLE PROPERTY=UniqueName LABEL='Cylinder-001'
PICK OPTION=TOGGLE PROPERTY=UniqueName LABEL='Cylinder-003'
PICK OPTION=TOGGLE PROPERTY=UniqueName LABEL='Cylinder'
PICK OPTION=TOGGLE PROPERTY=UniqueName LABEL='Cylinder-003'
PICK OPTION=TOGGLE PROPERTY=UniqueName LABEL='Cylinder-002'
CLEAR REVERT=NO
SKETCH OBJECT=CYLINDER +COMPLETE

SKETCH OBJECT=TORUS +COMPLETE

SKETCH OBJECT=CYLINDER +COMPLETE
PREVIEW OPTION=START REDISPLAY=NO | CYLINDER Name='Cylinder' X0=0 Y0=200 Z0=0 X1=20 Y1=200 Z1=0 -TUBE SHAPECONTROL=SIMPLE MAJORRADIUS=360 MINORRADIUS=360 TOPRADIUS=360 SIDES=2
PREVIEW OPTION=START REDISPLAY=NO | CYLINDER Name='Cylinder' X0=0 Y0=200 Z0=0 X1=20 Y1=400 Z1=0 -TUBE SHAPECONTROL=SIMPLE MAJORRADIUS=360 MINORRADIUS=360 TOPRADIUS=360 SIDES=2
PREVIEW OPTION=START REDISPLAY=NO | CYLINDER Name='Cylinder' X0=0 Y0=200 Z0=0 X1=20 Y1=480 Z1=0 -TUBE SHAPECONTROL=SIMPLE MAJORRADIUS=360 MINORRADIUS=360 TOPRADIUS=360 SIDES=2
PREVIEW OPTION=START REDISPLAY=NO | CYLINDER Name='Cylinder' X0=0 Y0=200 Z0=0 X1=20 Y1=600 Z1=0 -TUBE SHAPECONTROL=SIMPLE MAJORRADIUS=360 MINORRADIUS=360 TOPRADIUS=360 SIDES=2
PREVIEW OPTION=END REDISPLAY=YES
SKETCH OBJECT=CYLINDER +COMPLETE
PREVIEW OPTION=START REDISPLAY=NO | CYLINDER Name='Cylinder' X0=0 Y0=200 Z0=0 X1=20 Y1=600 Z1=0 +TUBE SHAPECONTROL=TUBE MAJORRADIUS=360 MINORRADIUS=360 TOPRADIUS=360 THICKNESS=1 SIDES=2
PREVIEW OPTION=START REDISPLAY=NO | CYLINDER Name='Cylinder' X0=0 Y0=200 Z0=0 X1=20 Y1=600 Z1=0 +TUBE SHAPECONTROL=TUBE MAJORRADIUS=360 MINORRADIUS=360 TOPRADIUS=360 THICKNESS=2 SIDES=2
PREVIEW OPTION=END REDISPLAY=NO |  CYLINDER Name='Cylinder' X0=0 Y0=200 Z0=0 X1=20 Y1=600 Z1=0 +TUBE SHAPECONTROL=TUBE MAJORRADIUS=360 MINORRADIUS=360 TOPRADIUS=360 THICKNESS=2 SIDES=2
SKETCH OBJECT=CYLINDER +COMPLETE

FILTER TYPE=BODY
PICK OPTION=TOGGLE PROPERTY=UniqueName LABEL='Cylinder'
DELETE REGULARIZE=YES EXTERNAL=NO
THREED OPTION=SETVIEW SIZE=0
SKETCH OBJECT=CYLINDER +COMPLETE
PREVIEW OPTION=START REDISPLAY=NO | CYLINDER Name='Cylinder' X0=0 Y0=0 Z0=0 X1=0 Y1=200 Z1=0 -TUBE SHAPECONTROL=SIMPLE MAJORRADIUS=100 MINORRADIUS=100 TOPRADIUS=100 SIDES=2
PREVIEW OPTION=END REDISPLAY=NO |  CYLINDER Name='Cylinder' X0=0 Y0=0 Z0=0 X1=0 Y1=200 Z1=0 -TUBE SHAPECONTROL=SIMPLE MAJORRADIUS=100 MINORRADIUS=100 TOPRADIUS=100 SIDES=2
SKETCH OBJECT=CYLINDER +COMPLETE
PREVIEW OPTION=START REDISPLAY=NO | CYLINDER Name='Cylinder' X0=0 Y0=20 Z0=0 X1=0 Y1=200 Z1=0 -TUBE SHAPECONTROL=SIMPLE MAJORRADIUS=90 MINORRADIUS=90 TOPRADIUS=90 SIDES=2
PREVIEW OPTION=END REDISPLAY=NO |  CYLINDER Name='Cylinder' X0=0 Y0=20 Z0=0 X1=0 Y1=200 Z1=0 -TUBE SHAPECONTROL=SIMPLE MAJORRADIUS=90 MINORRADIUS=90 TOPRADIUS=90 SIDES=2
SKETCH OBJECT=TORUS +COMPLETE
PREVIEW OPTION=START REDISPLAY=NO | TORUS Name='Torus' X0=100 Y0=100 Z0=0 MAJORRADIUS=50 MINORRADIUS=10
PREVIEW OPTION=END REDISPLAY=NO |  TORUS Name='Torus' X0=100 Y0=100 Z0=0 MAJORRADIUS=50 MINORRADIUS=10
PICK OPTION=TOGGLE PROPERTY=UniqueName LABEL='Torus'
PICK OPTION=TOGGLE PROPERTY=UniqueName LABEL='Cylinder'
PICK OPTION=TOGGLE PROPERTY=UniqueName LABEL='Cylinder-001'
PICK OPTION=TOGGLE PROPERTY=UniqueName LABEL='Cylinder-001'
PREVIEW OPTION=PICK | PICK OPTION=ADD PROPERTY=UniqueName LABEL='Cylinder'

PREVIEW OPTION=ACCEPT REDISPLAY=NO |  COMBINE OPERATION=UNION +REGULAR
PICK OPTION=TOGGLE PROPERTY=UniqueName LABEL='Torus'
PICK OPTION=TOGGLE PROPERTY=UniqueName LABEL='Cylinder-001'
PREVIEW OPTION=PICK | PICK OPTION=ADD PROPERTY=UniqueName LABEL='Cylinder-001'

PREVIEW OPTION=ACCEPT REDISPLAY=NO |  COMBINE OPERATION=SUBTRACT +REGULAR
PICK OPTION=ALL TYPE=BODY
COLOUR OPTION=GUIUPDATE

COLOUR OPTION=LOAD Code=7 | COLOUR OPTION=SET !TRANSLUCENT
PICK OPTION=RESET
