/ Opera-3d Modeller
/ Opera 18R2 [Build 36152] (x64)
/ Started: 24/Apr/2018 10:59:40
/ Node: RB-14. Processor: Intel64/x64. System: Windows 7 (Service Pack 1)
SKETCH OBJECT=CYLINDER +COMPLETE
PREVIEW OPTION=START REDISPLAY=NO | CYLINDER Name='warstwa1' X0=0 Y0=0 Z0=0 X1=0 Y1=10 Z1=0 -TUBE SHAPECONTROL=SIMPLE MAJORRADIUS=100 MINORRADIUS=100 TOPRADIUS=100 SIDES=2
PREVIEW OPTION=END REDISPLAY=NO |  CYLINDER Name='warstwa1' X0=0 Y0=0 Z0=0 X1=0 Y1=10 Z1=0 -TUBE SHAPECONTROL=SIMPLE MAJORRADIUS=100 MINORRADIUS=100 TOPRADIUS=100 SIDES=2
SKETCH OBJECT=CYLINDER +COMPLETE
CYLINDER Name='warstwa2' X0=0 Y0=10 Z0=0 X1=0 Y1=11 Z1=0 -TUBE SHAPECONTROL=SIMPLE MAJORRADIUS=100 MINORRADIUS=100 TOPRADIUS=100 SIDES=2
SKETCH OBJECT=CYLINDER +COMPLETE
CYLINDER Name='warstwa2' X0=0 Y0=11 Z0=0 X1=0 Y1=13 Z1=0 -TUBE SHAPECONTROL=SIMPLE MAJORRADIUS=100 MINORRADIUS=100 TOPRADIUS=100 SIDES=2
SKETCH OBJECT=CYLINDER +COMPLETE
CYLINDER Name='warstwa2' X0=0 Y0=13 Z0=0 X1=0 Y1=13.5 Z1=0 -TUBE SHAPECONTROL=SIMPLE MAJORRADIUS=52 MINORRADIUS=52 TOPRADIUS=52 SIDES=2
FILTER TYPE=CELL
PICK OPTION=TOGGLE TYPE=CELL UNIQUEBODYNAME='warstwa1' IDENTIFIER=A.00001
PREVIEW OPTION=PICK | PICK OPTION=ADD TYPE=CELL UNIQUEBODYNAME='warstwa1' IDENTIFIER=A.00001

PREVIEW OPTION=ACCEPT REDISPLAY=NO |  CELLDATA OPTION=MODIFY MATERIALLABEL='Silikon' POTENTIAL=Default ELEMENTTYPE=Linear LEVEL=100 VOLUMELABEL='podstawa1' GROUPLABEL='podstawa1' SIZE=5 ELEMSHAPEPREF=NONE
FILTER TYPE=CELL
PICK OPTION=TOGGLE TYPE=CELL UNIQUEBODYNAME='warstwa2' IDENTIFIER=A.00001
PREVIEW OPTION=PICK | PICK OPTION=ADD TYPE=CELL UNIQUEBODYNAME='warstwa2' IDENTIFIER=A.00001

PREVIEW OPTION=ACCEPT REDISPLAY=NO |  CELLDATA OPTION=MODIFY MATERIALLABEL='Azotek Krzemu' POTENTIAL=Default ELEMENTTYPE=Linear LEVEL=110 VOLUMELABEL='warstwa2' GROUPLABEL='warstwa2' SIZE=5 ELEMSHAPEPREF=NONE
FILTER TYPE=CELL
PICK OPTION=TOGGLE TYPE=CELL UNIQUEBODYNAME='warstwa2-001' IDENTIFIER=A.00001
PREVIEW OPTION=PICK | PICK OPTION=ADD TYPE=CELL UNIQUEBODYNAME='warstwa2-001' IDENTIFIER=A.00001

PREVIEW OPTION=ACCEPT REDISPLAY=NO |  CELLDATA OPTION=MODIFY MATERIALLABEL='Dwutlenek Krzemu' POTENTIAL=Default ELEMENTTYPE=Linear LEVEL=120 VOLUMELABEL='warstwa3' GROUPLABEL='warstwa3' SIZE=5 ELEMSHAPEPREF=NONE
FILTER TYPE=CELL
PICK OPTION=TOGGLE TYPE=CELL UNIQUEBODYNAME='warstwa2-002' IDENTIFIER=A.00001
PREVIEW OPTION=PICK | PICK OPTION=ADD TYPE=CELL UNIQUEBODYNAME='warstwa2-002' IDENTIFIER=A.00001

PREVIEW OPTION=ACCEPT REDISPLAY=NO |  CELLDATA OPTION=MODIFY MATERIALLABEL='Polisilikon' POTENTIAL=Default ELEMENTTYPE=Linear LEVEL=130 VOLUMELABEL='warstwa4' GROUPLABEL='warstwa4' SIZE=5 ELEMSHAPEPREF=NONE
SKETCH OBJECT=BLOCK +COMPLETE
BLOCK Name='stojan1' X0=73 Y0=13 Z0=0 X1=100 Y1=15 Z1=0
SKETCH OBJECT=BLOCK +COMPLETE

FILTER TYPE=FACE
PICK OPTION=TOGGLE TYPE=FACE UNIQUEBODYNAME='stojan1' IDENTIFIER=A.00001
PREVIEW OPTION=PICK | PICK OPTION=ADD TYPE=FACE UNIQUEBODYNAME='stojan1' IDENTIFIER=A.00001

PREVIEW OPTION=START REDISPLAY=NO | SWEEP KEEP=YES TYPE=ROTATE REGULAR=NO RIGID=NO ROTU=0 ROTV=1 ROTW=0 POSU=0 POSV=1 POSW=0 ANGLE=21 DRAFTTYPE=NONE
PREVIEW OPTION=ACCEPT REDISPLAY=NO |   SWEEP KEEP=NO  TYPE=ROTATE REGULAR=NO RIGID=NO ROTU=0 ROTV=1 ROTW=0 POSU=0 POSV=1 POSW=0 ANGLE=21 DRAFTTYPE=NONE
SKETCH OBJECT=BLOCK +COMPLETE
BLOCK Name='stojan2' X0=53 Y0=15 Z0=0 X1=88 Y1=17 Z1=0
FILTER TYPE=FACE
PICK OPTION=TOGGLE TYPE=FACE UNIQUEBODYNAME='stojan2' IDENTIFIER=A.00001
PREVIEW OPTION=PICK | PICK OPTION=ADD TYPE=FACE UNIQUEBODYNAME='stojan2' IDENTIFIER=A.00001

PREVIEW OPTION=START REDISPLAY=NO | SWEEP KEEP=YES TYPE=ROTATE REGULAR=NO RIGID=NO ROTU=0 ROTV=1 ROTW=0 POSU=0 POSV=1 POSW=0 ANGLE=21 DRAFTTYPE=NONE
PREVIEW OPTION=ACCEPT REDISPLAY=NO |   SWEEP KEEP=NO  TYPE=ROTATE REGULAR=NO RIGID=NO ROTU=0 ROTV=1 ROTW=0 POSU=0 POSV=1 POSW=0 ANGLE=21 DRAFTTYPE=NONE
FILTER TYPE=BODY
PICK OPTION=TOGGLE PROPERTY=UniqueName LABEL='stojan1'
FILTER TYPE=BODY

PREVIEW OPTION=UNPICK REDISPLAY=YES
PICK OPTION=TOGGLE PROPERTY=UniqueName LABEL='stojan1'
FILTER TYPE=CELL
PICK OPTION=TOGGLE TYPE=CELL UNIQUEBODYNAME='stojan1' IDENTIFIER=B.00001
CELLDATA OPTION=MODIFY MATERIALLABEL='Polisilikon' POTENTIAL=Default ELEMENTTYPE=Linear LEVEL=140 VOLUMELABEL='stojan1' GROUPLABEL='stojan1' SIZE=5 ELEMSHAPEPREF=NONE
PICK OPTION=TOGGLE TYPE=CELL UNIQUEBODYNAME='stojan2' IDENTIFIER=B.00001
CELLDATA OPTION=MODIFY MATERIALLABEL='Polisilikon' POTENTIAL=Default ELEMENTTYPE=Linear LEVEL=150 VOLUMELABEL='stojan2' GROUPLABEL='stojan2' SIZE=5 ELEMSHAPEPREF=NONE
FILTER TYPE=BODY
PICK OPTION=TOGGLE PROPERTY=UniqueName LABEL='stojan1'
PICK OPTION=TOGGLE PROPERTY=UniqueName LABEL='stojan2'
PREVIEW OPTION=PICK | PICK OPTION=ADD PROPERTY=UniqueName LABEL='stojan2'

PREVIEW OPTION=ACCEPT REDISPLAY=NO |  COMBINE OPERATION=UNION +REGULAR
PICK OPTION=TOGGLE PROPERTY=UniqueName LABEL='stojan1'
PREVIEW OPTION=PICK | PICK OPTION=ADD PROPERTY=UniqueName LABEL='stojan1'

PREVIEW OPTION=UNPICK REDISPLAY=YES

PICK OPTION=RESET
PICK OPTION=GUIUPDATE

FILTER TYPE=CELL
PICK OPTION=TOGGLE TYPE=CELL UNIQUEBODYNAME='warstwa1' IDENTIFIER=A.00001
PREVIEW OPTION=PICK | PICK OPTION=ADD TYPE=CELL UNIQUEBODYNAME='warstwa1' IDENTIFIER=A.00001

PREVIEW OPTION=UNPICK REDISPLAY=YES | PICK OPTION=RESET
PICK OPTION=TOGGLE TYPE=CELL UNIQUEBODYNAME='stojan1' IDENTIFIER=B.00001
PREVIEW OPTION=PICK | PICK OPTION=ADD TYPE=CELL UNIQUEBODYNAME='stojan1' IDENTIFIER=B.00001

PREVIEW OPTION=START REDISPLAY=NO | TRANSFORM OPTION=COPY TYPE=ROTATE ROTU=0 ROTV=1 ROTW=0 ANGLE=360/12 COUNT=11
PREVIEW OPTION=ACCEPT REDISPLAY=NO |   TRANSFORM OPTION=COPY KEEP=NO TYPE=ROTATE ROTU=0 ROTV=1 ROTW=0 ANGLE=360/12 COUNT=11
SKETCH OBJECT=CYLINDER +COMPLETE
CYLINDER Name='lozysko1' X0=0 Y0=13.5 Z0=0 X1=0 Y1=15.5 Z1=0 -TUBE SHAPECONTROL=SIMPLE MAJORRADIUS=13 MINORRADIUS=13 TOPRADIUS=13 SIDES=2
SKETCH OBJECT=CYLINDER +COMPLETE
CYLINDER Name='lozysko2' X0=0 Y0=15.5 Z0=0 X1=0 Y1=17 Z1=0 +TUBE SHAPECONTROL=TUBE MAJORRADIUS=13 MINORRADIUS=13 TOPRADIUS=13 THICKNESS=5.5 SIDES=2
SKETCH OBJECT=CYLINDER +COMPLETE
CYLINDER Name='lozysko3' X0=0 Y0=17 Z0=0 X1=0 Y1=18.5 Z1=0 +TUBE SHAPECONTROL=TUBE MAJORRADIUS=19 MINORRADIUS=19 TOPRADIUS=19 THICKNESS=12 SIDES=2
FILTER TYPE=CELL
PICK OPTION=TOGGLE TYPE=CELL UNIQUEBODYNAME='lozysko1' IDENTIFIER=A.00001
CELLDATA OPTION=MODIFY MATERIALLABEL='Polisilikon' POTENTIAL=Default ELEMENTTYPE=Linear LEVEL=160 VOLUMELABEL='lozysko1' GROUPLABEL='lozysko1' SIZE=5 ELEMSHAPEPREF=NONE
PICK OPTION=TOGGLE TYPE=CELL UNIQUEBODYNAME='lozysko2' IDENTIFIER=A.00001
CELLDATA OPTION=MODIFY MATERIALLABEL='Polisilikon' POTENTIAL=Default ELEMENTTYPE=Linear LEVEL=160 VOLUMELABEL='lozysko1' GROUPLABEL='lozysko1' SIZE=5 ELEMSHAPEPREF=NONE
PICK OPTION=TOGGLE TYPE=CELL UNIQUEBODYNAME='lozysko3' IDENTIFIER=A.00001
CELLDATA OPTION=MODIFY MATERIALLABEL='Polisilikon' POTENTIAL=Default ELEMENTTYPE=Linear LEVEL=170 VOLUMELABEL='lozysko2' ELEMSHAPEPREF=NONE
PICK OPTION=TOGGLE TYPE=CELL UNIQUEBODYNAME='lozysko2' IDENTIFIER=A.00001
CELLDATA OPTION=MODIFY MATERIALLABEL='Polisilikon' POTENTIAL=Default ELEMENTTYPE=Linear LEVEL=170 VOLUMELABEL='lozysko2' GROUPLABEL='lozysko2' SIZE=5 ELEMSHAPEPREF=NONE
PICK OPTION=TOGGLE TYPE=CELL UNIQUEBODYNAME='lozysko3' IDENTIFIER=A.00001
CELLDATA OPTION=MODIFY MATERIALLABEL='Polisilikon' POTENTIAL=Default ELEMENTTYPE=Linear LEVEL=180 VOLUMELABEL='lozysko3' GROUPLABEL='lozysko3' SIZE=5 ELEMSHAPEPREF=NONE
SKETCH OBJECT=CYLINDER +COMPLETE
CYLINDER Name='wirnik1' X0=0 Y0=15 Z0=0 X1=0 Y1=16.5 Z1=0 +TUBE SHAPECONTROL=TUBE MAJORRADIUS=25 MINORRADIUS=25 TOPRADIUS=25 THICKNESS=10.5 SIDES=2
SKETCH OBJECT=BLOCK +COMPLETE
BLOCK Name='wirnik2' X0=25 Y0=15 Z0=0 X1=50 Y1=16.5 Z1=0
FILTER TYPE=FACE
PICK OPTION=TOGGLE TYPE=FACE UNIQUEBODYNAME='wirnik2' IDENTIFIER=A.00001
PREVIEW OPTION=PICK | PICK OPTION=ADD TYPE=FACE UNIQUEBODYNAME='wirnik2' IDENTIFIER=A.00001

PREVIEW OPTION=UNPICK REDISPLAY=NO | PICK OPTION=RESET
PICK OPTION=TOGGLE TYPE=FACE UNIQUEBODYNAME='wirnik2' IDENTIFIER=A.00001
PREVIEW OPTION=PICK | PICK OPTION=ADD TYPE=FACE UNIQUEBODYNAME='wirnik2' IDENTIFIER=A.00001

PREVIEW OPTION=UNPICK REDISPLAY=YES
PREVIEW OPTION=PICK | PICK OPTION=ADD TYPE=FACE UNIQUEBODYNAME='wirnik2' IDENTIFIER=A.00001

PREVIEW OPTION=START REDISPLAY=NO | SWEEP KEEP=YES TYPE=ROTATE REGULAR=NO RIGID=NO ROTU=0 ROTV=1 ROTW=0 POSU=0 POSV=1 POSW=0 ANGLE=21 DRAFTTYPE=NONE
PREVIEW OPTION=ACCEPT REDISPLAY=NO |   SWEEP KEEP=NO  TYPE=ROTATE REGULAR=NO RIGID=NO ROTU=0 ROTV=1 ROTW=0 POSU=0 POSV=1 POSW=0 ANGLE=21 DRAFTTYPE=NONE
FILTER TYPE=CELL
PICK OPTION=TOGGLE TYPE=CELL UNIQUEBODYNAME='wirnik1' IDENTIFIER=A.00001
CELLDATA OPTION=MODIFY MATERIALLABEL='Polisilikon' POTENTIAL=Default ELEMENTTYPE=Linear LEVEL=180 VOLUMELABEL='wirnik1' GROUPLABEL='wirnik1' SIZE=5 ELEMSHAPEPREF=NONE
PICK OPTION=TOGGLE TYPE=CELL UNIQUEBODYNAME='wirnik2' IDENTIFIER=B.00001
CELLDATA OPTION=MODIFY MATERIALLABEL='Polisilikon' POTENTIAL=Default ELEMENTTYPE=Linear LEVEL=190 VOLUMELABEL='wirnik2' GROUPLABEL='wirnik2' SIZE=5 ELEMSHAPEPREF=NONE
FILTER TYPE=BODY
PICK OPTION=TOGGLE PROPERTY=UniqueName LABEL='wirnik2'
PREVIEW OPTION=PICK | PICK OPTION=ADD PROPERTY=UniqueName LABEL='wirnik2'

PREVIEW OPTION=START REDISPLAY=NO | TRANSFORM OPTION=COPY TYPE=ROTATE ROTU=0 ROTV=1 ROTW=0 ANGLE=360/8 COUNT=7
PREVIEW OPTION=ACCEPT REDISPLAY=NO |   TRANSFORM OPTION=COPY KEEP=NO TYPE=ROTATE ROTU=0 ROTV=1 ROTW=0 ANGLE=360/8 COUNT=7
PICK OPTION=TOGGLE PROPERTY=UniqueName LABEL='wirnik2'
PICK OPTION=TOGGLE PROPERTY=UniqueName LABEL='wirnik2'
FILTER TYPE=BODY
FILTER TYPE=BODY
PICK OPTION=TOGGLE PROPERTY=UniqueName LABEL='wirnik2'
PICK OPTION=TOGGLE PROPERTY=UniqueName LABEL='wirnik2:AAD-001'
PICK OPTION=TOGGLE PROPERTY=UniqueName LABEL='wirnik2:AAD-002'
PICK OPTION=TOGGLE PROPERTY=UniqueName LABEL='wirnik2:AAD-003'
PICK OPTION=TOGGLE PROPERTY=UniqueName LABEL='wirnik2:AAD-004'
PICK OPTION=TOGGLE PROPERTY=UniqueName LABEL='wirnik2:AAD-005'
PICK OPTION=TOGGLE PROPERTY=UniqueName LABEL='wirnik2:AAD-006'
PICK OPTION=TOGGLE PROPERTY=UniqueName LABEL='wirnik2:AAD-007'
PICK OPTION=TOGGLE PROPERTY=UniqueName LABEL='wirnik1'
PREVIEW OPTION=PICK | PICK OPTION=ADD PROPERTY=UniqueName LABEL='wirnik2:AAD-006'

PREVIEW OPTION=ACCEPT REDISPLAY=NO |  COMBINE OPERATION=UNION +REGULAR
SKETCH OBJECT=CYLINDER +COMPLETE
CYLINDER Name='tlo1' X0=0 Y0=-10 Z0=0 X1=0 Y1=50 Z1=0 -TUBE SHAPECONTROL=SIMPLE MAJORRADIUS=110 MINORRADIUS=110 TOPRADIUS=110 SIDES=2
SKETCH OBJECT=BLOCK +COMPLETE

FILTER TYPE=CELL
PICK OPTION=TOGGLE TYPE=CELL UNIQUEBODYNAME='tlo1' IDENTIFIER=A.00001
CELLDATA OPTION=MODIFY MATERIALLABEL='Air' POTENTIAL=Default ELEMENTTYPE=Linear LEVEL=5 VOLUMELABEL='tlo1' GROUPLABEL='tlo1' SIZE=15 ELEMSHAPEPREF=NONE
SKETCH OBJECT=CYLINDER +COMPLETE
CYLINDER Name='tlo2' X0=0 Y0=-50 Z0=0 X1=0 Y1=200 Z1=0 -TUBE SHAPECONTROL=SIMPLE MAJORRADIUS=200 MINORRADIUS=200 TOPRADIUS=200 SIDES=2
FILTER TYPE=CELL
PICK OPTION=TOGGLE TYPE=CELL UNIQUEBODYNAME='tlo2' IDENTIFIER=A.00001
CELLDATA OPTION=MODIFY MATERIALLABEL='Air' POTENTIAL=Default ELEMENTTYPE=Linear VOLUMELABEL='tlo2' GROUPLABEL='tlo2' SIZE=50 ELEMSHAPEPREF=NONE
MATERIALS UNPICK | MATERIALS GUIINIT

MATERIALS UNPICK
MULTIPHYSICS OPTION=RESET
ANALYSISDATA OPTION=SET PROGRAM=TOSCAELEC CONVTOL=1e-08 LDACTIVE=NO LINEAR=YES SCALEDRIVE=ALL USEDEFORMEDMESH=NO
MATERIALS UNPICK | MATERIALS GUIINIT

MATERIALS PICK 'Azotek Krzemu'
MATERIALS OPTION=MODIFY EPSANISOTROPY=ISOTROPIC EPSILON=6 SIGANISOTROPY=ISOTROPIC SIGMA=0.0
MATERIALS UNPICK 'Azotek Krzemu' | MATERIALS PICK 'Dwutlenek Krzemu'
MATERIALS OPTION=MODIFY EPSANISOTROPY=ISOTROPIC EPSILON=6 SIGANISOTROPY=ISOTROPIC SIGMA=0.0
MATERIALS UNPICK 'Dwutlenek Krzemu' | MATERIALS PICK 'Polisilikon'
MATERIALS UNPICK 'Polisilikon' | MATERIALS PICK 'Dwutlenek Krzemu'
MATERIALS OPTION=MODIFY EPSANISOTROPY=ISOTROPIC EPSILON=3.9 SIGANISOTROPY=ISOTROPIC SIGMA=0.0
MATERIALS UNPICK 'Dwutlenek Krzemu' | MATERIALS PICK 'Polisilikon'
MATERIALS OPTION=MODIFY EPSANISOTROPY=ISOTROPIC EPSILON=1e-3 SIGANISOTROPY=ISOTROPIC SIGMA=0.0
MATERIALS UNPICK 'Polisilikon' | MATERIALS PICK 'Silikon'
MATERIALS OPTION=MODIFY EPSANISOTROPY=ISOTROPIC EPSILON=11.7 SIGANISOTROPY=ISOTROPIC SIGMA=0.0
MATERIALS OPTION=MODIFY EPSANISOTROPY=ISOTROPIC EPSILON=11.7 SIGANISOTROPY=ISOTROPIC SIGMA=0.0 | MATERIALS UNPICK
FILTER TYPE=FACE
PICK OPTION=TOGGLE TYPE=FACE UNIQUEBODYNAME='tlo2' IDENTIFIER=A.00002
PICK OPTION=TOGGLE TYPE=FACE UNIQUEBODYNAME='tlo2' IDENTIFIER=A.00004
PICK OPTION=TOGGLE TYPE=FACE UNIQUEBODYNAME='tlo2' IDENTIFIER=A.00003
FACEDATA OPTION=MODIFY BOUNDARYLABEL='warunek brzegowy' ELEMENTTYPE=Linear FORMETHOD=NONE BACKMETHOD=NONE
BOUNDARY UNPICK | BOUNDARY GUIINIT

BOUNDARY PICK 'warunek brzegowy'
BOUNDARY OPTION=MODIFY CONDITION=TANGELEC
BOUNDARY OPTION=MODIFY CONDITION=TANGELEC | BOUNDARY UNPICK
BOUNDARY UNPICK | BOUNDARY GUIINIT

BOUNDARY PICK 'warunek brzegowy'
BOUNDARY UNPICK
MATERIALS UNPICK | MATERIALS GUIINIT

MATERIALS UNPICK
BACKGROUND OPTION=LOAD

SELECT OPTION=GUIUPDATE

SELECT OPTION=HIDE, | SELECT PROPERTY=VolumeLabel LABEL=tlo2, +WAIT | SELECT -WAIT
SELECT OPTION=HIDE, | SELECT PROPERTY=VolumeLabel LABEL=tlo1, +WAIT | SELECT -WAIT
SELECT OPTION=HIDE, | SELECT PROPERTY=VolumeLabel LABEL=lozysko1, +WAIT  |  | SELECT PROPERTY=VolumeLabel LABEL=lozysko2, +WAIT  |  | SELECT PROPERTY=VolumeLabel LABEL=lozysko3, +WAIT  |  | SELECT PROPERTY=VolumeLabel LABEL=podstawa1, +WAIT  |  | SELECT PROPERTY=VolumeLabel LABEL=warstwa2, +WAIT  |  | SELECT PROPERTY=VolumeLabel LABEL=warstwa3, +WAIT  |  | SELECT PROPERTY=VolumeLabel LABEL=warstwa4, +WAIT  |  | SELECT PROPERTY=VolumeLabel LABEL=wirnik2, +WAIT | SELECT -WAIT
PICK OPTION=TOGGLE TYPE=FACE UNIQUEBODYNAME='stojan1:AAB-009' IDENTIFIER=D.00004
PICK OPTION=TOGGLE TYPE=FACE UNIQUEBODYNAME='stojan1:AAB-009' IDENTIFIER=B.00004
PICK OPTION=TOGGLE TYPE=FACE UNIQUEBODYNAME='stojan1:AAB-003' IDENTIFIER=D.00004
PICK OPTION=TOGGLE TYPE=FACE UNIQUEBODYNAME='stojan1:AAB-003' IDENTIFIER=B.00004
PICK OPTION=TOGGLE TYPE=FACE UNIQUEBODYNAME='stojan1:AAB-002' IDENTIFIER=D.00004
PICK OPTION=TOGGLE TYPE=FACE UNIQUEBODYNAME='stojan1:AAB-002' IDENTIFIER=B.00004
PICK OPTION=TOGGLE TYPE=FACE UNIQUEBODYNAME='stojan1:AAB-001' IDENTIFIER=D.00004
PICK OPTION=TOGGLE TYPE=FACE UNIQUEBODYNAME='stojan1:AAB-001' IDENTIFIER=B.00005

PREVIEW OPTION=UNPICK REDISPLAY=YES
FILTER TYPE=NONE
SELECT OPTION=PICKEDREMOVE
FILTER TYPE=BODY
PICK OPTION=TOGGLE PROPERTY=UniqueName LABEL='stojan1:AAB-003'
PICK OPTION=TOGGLE PROPERTY=UniqueName LABEL='stojan1:AAB-002'
PICK OPTION=TOGGLE PROPERTY=UniqueName LABEL='stojan1:AAB-001'
PICK OPTION=TOGGLE PROPERTY=UniqueName LABEL='stojan1:AAB-009'
PICK OPTION=TOGGLE PROPERTY=UniqueName LABEL='stojan1:AAB-011'
PICK OPTION=TOGGLE PROPERTY=UniqueName LABEL='stojan1:AAB-010'
PICK OPTION=TOGGLE PROPERTY=UniqueName LABEL='stojan1:AAB-008'
PICK OPTION=TOGGLE PROPERTY=UniqueName LABEL='stojan1:AAB-007'
PICK OPTION=TOGGLE PROPERTY=UniqueName LABEL='stojan1:AAB-005'
PICK OPTION=TOGGLE PROPERTY=UniqueName LABEL='stojan1:AAB-004'
PICK OPTION=TOGGLE PROPERTY=UniqueName LABEL='stojan1:AAB-011'
PICK OPTION=TOGGLE PROPERTY=UniqueName LABEL='stojan1'
PICK OPTION=TOGGLE PROPERTY=UniqueName LABEL='stojan1:AAB-011'
PICK OPTION=TOGGLE PROPERTY=UniqueName LABEL='stojan1:AAB-006'
PICK OPTION=TOGGLE PROPERTY=UniqueName LABEL='stojan1:AAB-003'
PICK OPTION=TOGGLE PROPERTY=UniqueName LABEL='stojan1:AAB-009'
PICK OPTION=TOGGLE PROPERTY=UniqueName LABEL='stojan1:AAB-003'
PICK OPTION=TOGGLE PROPERTY=UniqueName LABEL='stojan1:AAB-003'
PICK OPTION=TOGGLE PROPERTY=UniqueName LABEL='stojan1:AAB-009'
PICK OPTION=TOGGLE PROPERTY=UniqueName LABEL='stojan1:AAB-009'
PICK OPTION=TOGGLE PROPERTY=UniqueName LABEL='stojan1:AAB-003'
PICK OPTION=TOGGLE PROPERTY=UniqueName LABEL='stojan1:AAB-003'
SELECT OPTION=PICKEDREMOVE
SELECT OPTION=PICKEDREMOVE
UNDO
UNDO
UNDO
SELECT OPTION=GUIUPDATE

SELECT OPTION=HIDE, | SELECT PROPERTY=VolumeLabel LABEL=tlo1, +WAIT  |  | SELECT PROPERTY=VolumeLabel LABEL=tlo2, +WAIT | SELECT -WAIT
SELECT OPTION=DEFAULT
SELECT OPTION=HIDE, | SELECT PROPERTY=VolumeLabel LABEL=lozysko1, +WAIT  |  | SELECT PROPERTY=VolumeLabel LABEL=lozysko2, +WAIT  |  | SELECT PROPERTY=VolumeLabel LABEL=lozysko3, +WAIT  |  | SELECT PROPERTY=VolumeLabel LABEL=warstwa2, +WAIT  |  | SELECT PROPERTY=VolumeLabel LABEL=warstwa3, +WAIT  |  | SELECT PROPERTY=VolumeLabel LABEL=warstwa4, +WAIT  |  | SELECT PROPERTY=VolumeLabel LABEL=wirnik2, +WAIT | SELECT -WAIT
SELECT OPTION=HIDE, | SELECT PROPERTY=VolumeLabel LABEL=tlo1, +WAIT  |  | SELECT PROPERTY=VolumeLabel LABEL=tlo2, +WAIT | SELECT -WAIT
SELECT OPTION=HIDE, | SELECT PROPERTY=VolumeLabel LABEL=podstawa1, +WAIT | SELECT -WAIT
FILTER TYPE=BODY
PICK OPTION=TOGGLE PROPERTY=UniqueName LABEL='stojan1:AAB-002'
PICK OPTION=TOGGLE PROPERTY=UniqueName LABEL='stojan1:AAB-001'
PICK OPTION=TOGGLE PROPERTY=UniqueName LABEL='stojan1'
PICK OPTION=TOGGLE PROPERTY=UniqueName LABEL='stojan1:AAB-010'
PICK OPTION=TOGGLE PROPERTY=UniqueName LABEL='stojan1:AAB-011'
PICK OPTION=TOGGLE PROPERTY=UniqueName LABEL='stojan1:AAB-008'
PICK OPTION=TOGGLE PROPERTY=UniqueName LABEL='stojan1:AAB-007'
PICK OPTION=TOGGLE PROPERTY=UniqueName LABEL='stojan1:AAB-007'
PICK OPTION=TOGGLE PROPERTY=UniqueName LABEL='stojan1:AAB-007'
PICK OPTION=TOGGLE PROPERTY=UniqueName LABEL='stojan1:AAB-006'
PICK OPTION=TOGGLE PROPERTY=UniqueName LABEL='stojan1:AAB-005'
PICK OPTION=TOGGLE PROPERTY=UniqueName LABEL='stojan1:AAB-004'
FILTER TYPE=BODY
FILTER TYPE=FACE
PICK OPTION=CHANGE TYPE=FACE
FACEDATA OPTION=MODIFY BOUNDARYLABEL='V''0' ELEMENTTYPE=Linear FORMETHOD=NONE BACKMETHOD=NONE
FILTER TYPE=BODY
PICK OPTION=TOGGLE PROPERTY=UniqueName LABEL='stojan1:AAB-003'
PICK OPTION=TOGGLE PROPERTY=UniqueName LABEL='stojan1:AAB-009'
FILTER TYPE=FACE
PICK OPTION=CHANGE TYPE=FACE
FACEDATA OPTION=MODIFY BOUNDARYLABEL='V' ELEMENTTYPE=Linear FORMETHOD=NONE BACKMETHOD=NONE
SELECT OPTION=GUIUPDATE

SELECT OPTION=DEFAULT
SELECT OPTION=HIDE, | SELECT PROPERTY=VolumeLabel LABEL=tlo1, +WAIT  |  | SELECT PROPERTY=VolumeLabel LABEL=tlo2, +WAIT | SELECT -WAIT
SELECT OPTION=HIDE, | SELECT PROPERTY=VolumeLabel LABEL=podstawa1, +WAIT | SELECT -WAIT
SELECT OPTION=HIDE, | SELECT PROPERTY=VolumeLabel LABEL=lozysko3, +WAIT | SELECT -WAIT
SELECT OPTION=HIDE, | SELECT PROPERTY=VolumeLabel LABEL=lozysko2, +WAIT  |  | SELECT PROPERTY=VolumeLabel LABEL=lozysko1, +WAIT | SELECT -WAIT
SELECT OPTION=HIDE, | SELECT PROPERTY=VolumeLabel LABEL=stojan2, +WAIT | SELECT -WAIT
SELECT OPTION=HIDE, | SELECT PROPERTY=VolumeLabel LABEL=warstwa2, +WAIT | SELECT -WAIT
SELECT OPTION=HIDE, | SELECT PROPERTY=VolumeLabel LABEL=warstwa3, +WAIT | SELECT -WAIT
SELECT OPTION=HIDE, | SELECT PROPERTY=VolumeLabel LABEL=warstwa4, +WAIT | SELECT -WAIT
FILTER TYPE=BODY
FILTER TYPE=BODY
PICK OPTION=TOGGLE PROPERTY=UniqueName LABEL='wirnik2'
FILTER TYPE=FACE
PICK OPTION=CHANGE TYPE=FACE
FACEDATA OPTION=MODIFY BOUNDARYLABEL='V=0' ELEMENTTYPE=Linear FORMETHOD=NONE BACKMETHOD=NONE
BOUNDARY UNPICK | BOUNDARY GUIINIT

BOUNDARY PICK 'V'0'
BOUNDARY UNPICK
SELECT OPTION=GUIUPDATE

SELECT OPTION=HIDE, | SELECT PROPERTY=VolumeLabel LABEL=stojan2, +WAIT | SELECT -WAIT
SELECT OPTION=HIDE, | SELECT PROPERTY=VolumeLabel LABEL=wirnik2, +WAIT | SELECT -WAIT
SELECT OPTION=GUIUPDATE

SELECT OPTION=ADD, | SELECT PROPERTY=VolumeLabel LABEL=stojan2, +WAIT | SELECT -WAIT
FILTER TYPE=BODY
PICK OPTION=TOGGLE PROPERTY=UniqueName LABEL='stojan1:AAB-002'
PICK OPTION=TOGGLE PROPERTY=UniqueName LABEL='stojan1:AAB-001'
PICK OPTION=TOGGLE PROPERTY=UniqueName LABEL='stojan1'
PICK OPTION=TOGGLE PROPERTY=UniqueName LABEL='stojan1:AAB-011'
PICK OPTION=TOGGLE PROPERTY=UniqueName LABEL='stojan1:AAB-010'
PICK OPTION=TOGGLE PROPERTY=UniqueName LABEL='stojan1:AAB-008'
PICK OPTION=TOGGLE PROPERTY=UniqueName LABEL='stojan1:AAB-007'
PICK OPTION=TOGGLE PROPERTY=UniqueName LABEL='stojan1:AAB-006'
PICK OPTION=TOGGLE PROPERTY=UniqueName LABEL='stojan1:AAB-005'
PICK OPTION=TOGGLE PROPERTY=UniqueName LABEL='stojan1:AAB-004'
FILTER TYPE=FACE
PICK OPTION=CHANGE TYPE=FACE
FACEDATA OPTION=MODIFY BOUNDARYLABEL='V=0' ELEMENTTYPE=Linear FORMETHOD=NONE BACKMETHOD=NONE
SELECT OPTION=GUIUPDATE

SELECT OPTION=HIDE, | SELECT PROPERTY=VolumeLabel LABEL=stojan2, +WAIT | SELECT -WAIT
SELECT OPTION=REMOVE, | SELECT PROPERTY=VolumeLabel LABEL=wirnik2, +WAIT | SELECT -WAIT
BOUNDARY UNPICK | BOUNDARY GUIINIT

BOUNDARY PICK 'V'0'
BOUNDARY OPTION=RESET
BOUNDARY OPTION=DELETE | BOUNDARY OPTION=GUIINIT
BOUNDARY UNPICK 'V'0'
BOUNDARY PICK 'V'0'
BOUNDARY OPTION=DELETE | BOUNDARY OPTION=GUIINIT
BOUNDARY UNPICK 'V'0'
BOUNDARY PICK 'V=0'
BOUNDARY UNPICK 'V=0' | BOUNDARY PICK 'V'
BOUNDARY OPTION=MODIFY CONDITION=VOLTAGE VOLTAGE=50
BOUNDARY UNPICK 'V' | BOUNDARY PICK 'V=0'
BOUNDARY OPTION=MODIFY CONDITION=VOLTAGE VOLTAGE=0
BOUNDARY OPTION=MODIFY CONDITION=VOLTAGE VOLTAGE=0 | BOUNDARY UNPICK
MODEL CREATE
SELECT OPTION=GUIUPDATE

SELECT OPTION=DEFAULT
SELECT OPTION=HIDE, | SELECT PROPERTY=VolumeLabel LABEL=tlo2, +WAIT  |  | SELECT PROPERTY=VolumeLabel LABEL=tlo1, +WAIT | SELECT -WAIT
MESH GENERATOR=AUTOMATIC SIZE=50 NORMALTOL=30 SURFACETOL=0 TOLERANCE=1.0E-06 TYPE=PREFERTETRA
FILL TOL=1.0E-06
SELECT OPTION=GUIUPDATE

SELECT OPTION=REMOVE, | SELECT PROPERTY=VolumeLabel LABEL= , +WAIT | SELECT -WAIT
THREED OPTION=SETVIEW SIZE=0
SOLVERS SOLVENOW=NO SAVEMODEL=YES, | SOLVERS OPTION=TEST FILE='przypadek1' UNITS=MICRON ELEMENT=MIXED SURFACE=CURVED | COMMENT CLEAR=YES TYPE=DBTITLE | SOLVERS OPTION=OVERWRITE
SOLVERS SOLVENOW=YES SAVEMODEL=YES, | SOLVERS OPTION=TEST FILE='przypadek1.op3' UNITS=MICRON ELEMENT=MIXED SURFACE=CURVED | COMMENT CLEAR=YES TYPE=DBTITLE | SOLVERS OPTION=OVERWRITE
SAVE OPTION=NEW FILE='H:\Opera\Mikrosilnik krzemowy.opc'
