/ Opera-3d Modeller
/ Opera 18R2 [Build 36152] (x64)
/ Started: 10/Apr/2018 10:28:03
/ Node: RB-14. Processor: Intel64/x64. System: Windows 7 (Service Pack 1)
THREED OPTION=SETVIEW SIZE=0
SKETCH OBJECT=SPHERE +COMPLETE
PREVIEW OPTION=START REDISPLAY=NO | SPHERE Name='Sphere' X0=0 Y0=0 Z0=0 RADIUS=360
PREVIEW OPTION=END REDISPLAY=NO |  SPHERE Name='Sphere' X0=0 Y0=0 Z0=0 RADIUS=360
FILTER COMMAND=PICK
FILTER COMMAND=PICK
FILTER COMMAND=PICK
FILTER COMMAND=PICK
FILTER COMMAND=CURSORHIDE
FILTER COMMAND=PICK
FILTER COMMAND=PICK
FILTER COMMAND=PICK

PREVIEW OPTION=UNPICK REDISPLAY=YES

FILTER TYPE=BODY
PREVIEW OPTION=PICK | PICK OPTION=ADD PROPERTY=UniqueName LABEL='Sphere'

PREVIEW OPTION=UNPICK REDISPLAY=YES
CLEAR REVERT=NO
SKETCH OBJECT=TORUS +COMPLETE
PREVIEW OPTION=START REDISPLAY=NO | TORUS Name='Torus' X0=0 Y0=0 Z0=0 MAJORRADIUS=90 MINORRADIUS=10
PREVIEW OPTION=END REDISPLAY=NO |  TORUS Name='Torus' X0=0 Y0=0 Z0=0 MAJORRADIUS=90 MINORRADIUS=10
UNDO
SKETCH OBJECT=BLOCK +COMPLETE
PREVIEW OPTION=START REDISPLAY=NO | BLOCK Name='Block' X0=0 Y0=0 Z0=0 X1=10 Y1=10 Z1=10
PREVIEW OPTION=END REDISPLAY=NO |  BLOCK Name='Block' X0=0 Y0=0 Z0=0 X1=10 Y1=10 Z1=10
PICK OPTION=GUIUPDATE


PREVIEW OPTION=UNPICK REDISPLAY=YES
FILTER TYPE=FACE
PICK OPTION=TOGGLE TYPE=FACE UNIQUEBODYNAME='Block' IDENTIFIER=A.00001
PREVIEW OPTION=PICK | PICK OPTION=ADD TYPE=FACE UNIQUEBODYNAME='Block' IDENTIFIER=A.00001

PREVIEW OPTION=UNPICK REDISPLAY=NO | PICK OPTION=RESET
PICK OPTION=RESET
FILTER TYPE=CELL
PICK OPTION=TOGGLE TYPE=CELL UNIQUEBODYNAME='Block' IDENTIFIER=A.00001
FILTER TYPE=EDGE
PICK OPTION=TOGGLE TYPE=EDGE UNIQUEBODYNAME='Block' IDENTIFIER=A.00003
PICK OPTION=RESET
FILTER TYPE=EDGE
PICK OPTION=TOGGLE TYPE=EDGE UNIQUEBODYNAME='Block' IDENTIFIER=A.00003
PREVIEW OPTION=PICK | PICK OPTION=ADD TYPE=EDGE UNIQUEBODYNAME='Block' IDENTIFIER=A.00003



PREVIEW OPTION=START REDISPLAY=NO | BLEND OPTION=BLEND RADIUS=1
PREVIEW OPTION=UNPICK REDISPLAY=NO | PICK OPTION=RESET
