/ Opera-3d Modeller
/ Opera 18R2 [Build 36152] (x64)
/ Started: 24/Apr/2018 10:23:57
/ Node: RB-14. Processor: Intel64/x64. System: Windows 7 (Service Pack 1)
SKETCH OBJECT=CYLINDER +COMPLETE
PREVIEW OPTION=START REDISPLAY=NO | CYLINDER Name='plate' X0=0 Y0=0 Z0=0 X1=0 Y1=0 Z1=1 -TUBE SHAPECONTROL=SIMPLE MAJORRADIUS=25 MINORRADIUS=25 TOPRADIUS=25 SIDES=2 MATERIALLABEL='null'
PREVIEW OPTION=END REDISPLAY=NO |  CYLINDER Name='plate' X0=0 Y0=0 Z0=0 X1=0 Y1=0 Z1=1 -TUBE SHAPECONTROL=SIMPLE MAJORRADIUS=25 MINORRADIUS=25 TOPRADIUS=25 SIDES=2 MATERIALLABEL='Null'
SKETCH OBJECT=BLOCK +COMPLETE
PREVIEW OPTION=START REDISPLAY=NO | BLOCK Name='cut' X0=-30 Y0=-30 Z0=-30 X1=30 Y1=0 Z1=30
PREVIEW OPTION=END REDISPLAY=NO |  BLOCK Name='cut' X0=-30 Y0=-30 Z0=-30 X1=30 Y1=0 Z1=30
FILTER TYPE=BODY
PICK OPTION=TOGGLE PROPERTY=UniqueName LABEL='plate'
PICK OPTION=TOGGLE PROPERTY=UniqueName LABEL='cut'
COMBINE OPERATION=SUBTRACT +REGULAR
SKETCH OBJECT=CYLINDER +COMPLETE
PREVIEW OPTION=START REDISPLAY=NO | CYLINDER Name='cut2' X0=0 Y0=0 Z0=-10 X1=0 Y1=0 Z1=10 -TUBE SHAPECONTROL=SIMPLE MAJORRADIUS=6 MINORRADIUS=6 TOPRADIUS=6 SIDES=2
PREVIEW OPTION=END REDISPLAY=NO |  CYLINDER Name='cut2' X0=0 Y0=0 Z0=-10 X1=0 Y1=0 Z1=10 -TUBE SHAPECONTROL=SIMPLE MAJORRADIUS=6 MINORRADIUS=6 TOPRADIUS=6 SIDES=2
FILTER TYPE=BODY
FILTER TYPE=BODY
PICK OPTION=TOGGLE PROPERTY=UniqueName LABEL='plate'
PICK OPTION=TOGGLE PROPERTY=UniqueName LABEL='cut2'
COMBINE OPERATION=SUBTRACT +REGULAR
FILTER TYPE=CELL
PICK OPTION=TOGGLE TYPE=CELL UNIQUEBODYNAME='plate' IDENTIFIER=A.00001
PREVIEW OPTION=PICK | PICK OPTION=ADD TYPE=CELL UNIQUEBODYNAME='plate' IDENTIFIER=A.00001

PREVIEW OPTION=UNPICK REDISPLAY=YES | PICK OPTION=RESET
PICK OPTION=TOGGLE TYPE=CELL UNIQUEBODYNAME='plate' IDENTIFIER=A.00001
CELLDATA OPTION=MODIFY MATERIALLABEL='Null' POTENTIAL=Total ELEMENTTYPE=Linear LEVEL=500 ELEMSHAPEPREF=NONE
FILTER TYPE=BODY
PICK OPTION=TOGGLE PROPERTY=UniqueName LABEL='plate'
PREVIEW OPTION=START REDISPLAY=NO | TRANSFORM OPTION=COPY TYPE=DISPLACE DU=0 DV=0 DW=2 COUNT=1
PREVIEW OPTION=END REDISPLAY=NO |  TRANSFORM OPTION=COPY KEEP=YES TYPE=DISPLACE DU=0 DV=0 DW=2 COUNT=1
TRANSFORM OPTION=COPY KEEP=YES TYPE=DISPLACE DU=0 DV=0 DW=-3 COUNT=1
TRANSFORM OPTION=COPY KEEP=NO TYPE=DISPLACE DU=0 DV=0 DW=-3 COUNT=1
FILTER TYPE=BODY
PICK OPTION=TOGGLE PROPERTY=UniqueName LABEL='plate'
FILTER TYPE=FACE
PICK OPTION=TOGGLE TYPE=FACE UNIQUEBODYNAME='plate' IDENTIFIER=A.00001
FILTER TYPE=FACE
FILTER TYPE=FACE
PICK OPTION=CHANGE TYPE=FACE
FACEDATA OPTION=MODIFY BOUNDARYLABEL='earth' LEVEL=100 ELEMENTTYPE=Linear SIZE=2 FORMETHOD=NONE BACKMETHOD=NONE
FILTER TYPE=BODY
PICK OPTION=TOGGLE PROPERTY=UniqueName LABEL='plate:AAB-001'
FILTER TYPE=FACE
PICK OPTION=CHANGE TYPE=FACE
FACEDATA OPTION=MODIFY BOUNDARYLABEL='live1' LEVEL=200 ELEMENTTYPE=Linear SIZE=2 FORMETHOD=NONE BACKMETHOD=NONE
FILTER TYPE=FACE
FILTER TYPE=BODY
PICK OPTION=TOGGLE PROPERTY=UniqueName LABEL='plate:AAD-001'
FILTER TYPE=FACE
PICK OPTION=CHANGE TYPE=FACE
FACEDATA OPTION=MODIFY BOUNDARYLABEL='live2' LEVEL=400 ELEMENTTYPE=Linear SIZE=2 FORMETHOD=NONE BACKMETHOD=NONE
THREED OPTION=SETVIEW SIZE=0
THREED OPTION=SETVIEW SIZE=0
FILTER TYPE=FACE
PICK OPTION=TOGGLE TYPE=FACE UNIQUEBODYNAME='plate:AAD-001' IDENTIFIER=A.00003
PICK OPTION=TOGGLE TYPE=FACE UNIQUEBODYNAME='plate' IDENTIFIER=A.00003
PICK OPTION=TOGGLE TYPE=FACE UNIQUEBODYNAME='plate:AAB-001' IDENTIFIER=A.00003
PICK OPTION=TOGGLE TYPE=FACE UNIQUEBODYNAME='plate:AAB-001' IDENTIFIER=A.00004
PICK OPTION=TOGGLE TYPE=FACE UNIQUEBODYNAME='plate' IDENTIFIER=A.00004
PICK OPTION=TOGGLE TYPE=FACE UNIQUEBODYNAME='plate:AAD-001' IDENTIFIER=A.00004
| PICK OPTION=RESET
FILTER TYPE=FACE
PICK OPTION=TOGGLE TYPE=FACE UNIQUEBODYNAME='plate:AAD-001' IDENTIFIER=A.00003
PICK OPTION=TOGGLE TYPE=FACE UNIQUEBODYNAME='plate' IDENTIFIER=A.00003
PICK OPTION=TOGGLE TYPE=FACE UNIQUEBODYNAME='plate:AAB-001' IDENTIFIER=A.00003
PICK OPTION=TOGGLE TYPE=FACE UNIQUEBODYNAME='plate:AAB-001' IDENTIFIER=A.00004
PICK OPTION=TOGGLE TYPE=FACE UNIQUEBODYNAME='plate' IDENTIFIER=A.00001
PICK OPTION=TOGGLE TYPE=FACE UNIQUEBODYNAME='plate' IDENTIFIER=A.00001
PICK OPTION=TOGGLE TYPE=FACE UNIQUEBODYNAME='plate' IDENTIFIER=A.00004
PICK OPTION=TOGGLE TYPE=FACE UNIQUEBODYNAME='plate:AAD-001' IDENTIFIER=A.00004
FACEDATA OPTION=MODIFY ELEMENTTYPE=Linear SIZE=2 FORMETHOD=NONE BACKMETHOD=GEOMETRY BACKLAYERS=1 BACKOFFSET=0.5
SKETCH OBJECT=CYLINDER +COMPLETE
CYLINDER Name='air1' X0=0 Y0=0 Z0=-5 X1=0 Y1=0 Z1=5 -TUBE SHAPECONTROL=SIMPLE MAJORRADIUS=25 MINORRADIUS=25 TOPRADIUS=25 SIDES=2 MATERIALLABEL='Air'
FILTER TYPE=CELL
PICK OPTION=TOGGLE TYPE=CELL UNIQUEBODYNAME='air1' IDENTIFIER=A.00001
CELLDATA OPTION=MODIFY MATERIALLABEL='Air' POTENTIAL=Total ELEMENTTYPE=Linear LEVEL=50 SIZE=2 ELEMSHAPEPREF=NONE
SKETCH OBJECT=CYLINDER +COMPLETE
CYLINDER Name='air2' X0=0 Y0=0 Z0=-10 X1=0 Y1=0 Z1=10 -TUBE SHAPECONTROL=SIMPLE MAJORRADIUS=30 MINORRADIUS=30 TOPRADIUS=30 SIDES=2
FILTER TYPE=CELL
PICK OPTION=TOGGLE TYPE=CELL UNIQUEBODYNAME='air2' IDENTIFIER=A.00001
CELLDATA OPTION=MODIFY MATERIALLABEL='Air' POTENTIAL=Total ELEMENTTYPE=Linear LEVEL=40 ELEMSHAPEPREF=NONE
SKETCH OBJECT=CYLINDER +COMPLETE

UNDO
UNDO
UNDO
FILTER TYPE=CELL
PICK OPTION=TOGGLE TYPE=CELL UNIQUEBODYNAME='air1' IDENTIFIER=A.00001
CELLDATA OPTION=MODIFY MATERIALLABEL='Air' POTENTIAL=Total ELEMENTTYPE=Linear LEVEL=50 SIZE=2 ELEMSHAPEPREF=NONE
PICK OPTION=TOGGLE TYPE=CELL UNIQUEBODYNAME='air1' IDENTIFIER=A.00001
| PICK OPTION=RESET
SKETCH OBJECT=BLOCK +COMPLETE

SKETCH OBJECT=CYLINDER +COMPLETE
PREVIEW OPTION=START REDISPLAY=NO | CYLINDER Name='air2' X0=0 Y0=0 Z0=-10 X1=0 Y1=0 Z1=10 -TUBE SHAPECONTROL=SIMPLE MAJORRADIUS=30 MINORRADIUS=30 TOPRADIUS=30 SIDES=2
PREVIEW OPTION=END REDISPLAY=NO |  CYLINDER Name='air2' X0=0 Y0=0 Z0=-10 X1=0 Y1=0 Z1=10 -TUBE SHAPECONTROL=SIMPLE MAJORRADIUS=30 MINORRADIUS=30 TOPRADIUS=30 SIDES=2
FILTER TYPE=CELL
FILTER TYPE=CELL
PICK OPTION=TOGGLE TYPE=CELL UNIQUEBODYNAME='air2' IDENTIFIER=A.00001
CELLDATA OPTION=MODIFY MATERIALLABEL='Air' POTENTIAL=Total ELEMENTTYPE=Linear LEVEL=40 SIZE=5 ELEMSHAPEPREF=NONE
SKETCH OBJECT=CYLINDER +COMPLETE
CYLINDER Name='air2' X0=0 Y0=0 Z0=-80 X1=0 Y1=0 Z1=80 -TUBE SHAPECONTROL=SIMPLE MAJORRADIUS=80 MINORRADIUS=80 TOPRADIUS=80 SIDES=2 MATERIALLABEL='Air'
SKETCH OBJECT=BLOCK +COMPLETE
PREVIEW OPTION=START REDISPLAY=NO | BLOCK Name='chest' X0=-0 Y0=-80 Z0=-80 X1=0 Y1=80 Z1=80
PREVIEW OPTION=START REDISPLAY=NO | BLOCK Name='chest' X0=-0 Y0=-80 Z0=-80 X1=0 Y1=80 Z1=80
PREVIEW OPTION=END REDISPLAY=NO |  BLOCK Name='chest' X0=-0 Y0=-80 Z0=-80 X1=0 Y1=80 Z1=80
PICK OPTION=GUIUPDATE

PICK OPTION=REMOVE, | PICK PROPERTY=Name LABEL=chest
PICK OPTION=TOGGLE, | PICK PROPERTY=Name LABEL=chest
PICK OPTION=REMOVE, | PICK PROPERTY=Name LABEL=chest
UNDO
UNDO
UNDO
PICK OPTION=GUIUPDATE

SKETCH OBJECT=CYLINDER +COMPLETE
PREVIEW OPTION=START REDISPLAY=NO | CYLINDER Name='background' X0=0 Y0=0 Z0=-80 X1=0 Y1=0 Z1=80 -TUBE SHAPECONTROL=SIMPLE MAJORRADIUS=80 MINORRADIUS=80 TOPRADIUS=80 SIDES=2
PREVIEW OPTION=END REDISPLAY=NO |  CYLINDER Name='background' X0=0 Y0=0 Z0=-80 X1=0 Y1=0 Z1=80 -TUBE SHAPECONTROL=SIMPLE MAJORRADIUS=80 MINORRADIUS=80 TOPRADIUS=80 SIDES=2
SKETCH OBJECT=BLOCK +COMPLETE
BLOCK Name='sheet' X0=-0 Y0=-80 Z0=-80 X1=0 Y1=80 Z1=80
PICK OPTION=GUIUPDATE

PICK OPTION=ADD, | PICK PROPERTY=Name LABEL=sheet
TRANSFORM OPTION=COPY KEEP=YES TYPE=ROTATE ROTU=0 ROTV=0 ROTW=1 ANGLE=90 COUNT=1
TRANSFORM OPTION=COPY KEEP=NO TYPE=ROTATE ROTU=0 ROTV=0 ROTW=1 ANGLE=90 COUNT=1
PICK OPTION=GUIUPDATE

UNDO
UNDO
TRANSFORM OPTION=COPY KEEP=NO TYPE=ROTATE ROTU=0 ROTV=0 ROTW=1 ANGLE=90 COUNT=1
MODEL CREATE
MESH GENERATOR=AUTOMATIC SIZE=10 NORMALTOL=30.0 SURFACETOL=0.0 TOLERANCE=1.0E-06 TYPE=PREFERTETRA
FILL TOL=1.0E-06

PREVIEW OPTION=UNPICK REDISPLAY=YES
MULTIPHYSICS OPTION=RESET
ANALYSISDATA OPTION=SET PROGRAM=TOSCAELEC CONVTOL=1e-08 LDACTIVE=NO LINEAR=YES SCALEDRIVE=ALL USEDEFORMEDMESH=NO
BOUNDARY UNPICK | BOUNDARY GUIINIT

BOUNDARY PICK 'earth'
BOUNDARY OPTION=MODIFY CONDITION=VOLTAGE VOLTAGE=0
BOUNDARY OPTION=MODIFY CONDITION=VOLTAGE VOLTAGE=0
BOUNDARY UNPICK 'earth' | BOUNDARY PICK 'live1'
BOUNDARY OPTION=MODIFY CONDITION=VOLTAGE VOLTAGE=+10
BOUNDARY UNPICK 'live1' | BOUNDARY PICK 'live2'
BOUNDARY UNPICK 'live2' | BOUNDARY PICK 'live1'
BOUNDARY UNPICK 'live1' | BOUNDARY PICK 'earth'
BOUNDARY OPTION=MODIFY CONDITION=VOLTAGE VOLTAGE=0 | BOUNDARY UNPICK
BOUNDARY UNPICK | BOUNDARY GUIINIT

BOUNDARY PICK 'earth'
BOUNDARY UNPICK 'earth' | BOUNDARY PICK 'live1'
BOUNDARY UNPICK 'live1' | BOUNDARY PICK 'live2'
BOUNDARY OPTION=MODIFY CONDITION=VOLTAGE VOLTAGE=+10
BOUNDARY OPTION=MODIFY CONDITION=VOLTAGE VOLTAGE=+10 | BOUNDARY UNPICK
SOLVERS SOLVENOW=YES SAVEMODEL=YES, | SOLVERS OPTION=TEST FILE='Capacitor' UNITS=MM ELEMENT=MIXED SURFACE=CURVED | COMMENT CLEAR=YES TYPE=DBTITLE | SOLVERS OPTION=OVERWRITE
SAVE OPTION=NEW FILE='H:\Opera\Kondensator.opc'
