/ Opera-3d Post-Processor
/ Opera 18R2 [Build 36152] (x64)
/ Started: 24/Apr/2018 11:43:11
/ Node: RB-14. Processor: Intel64/x64. System: Windows 7 (Service Pack 1)
ACTIVATE FILE='H:\Opera\przypadek1.op3' | LOAD | SELECT ACTION=DEFAULT | SELECT ACTION=SELECT OPTION=SURFACES | THREED OPTION=REFRESH
THREED OPTION=GETVIEW

THREED TYPE=COMPONENT COMPONENT=V MIN=* MAX=* VECTOR=NO XORIGIN=0 YORIGIN=9.25 ZORIGIN=-3.46944695195361E-14 ROTX=19.9999997030482 ROTY=19.9999996809095 ROTZ=9.99999946523687E-05 XASPECT=1 YASPECT=1 ZASPECT=1 SIZE=150.363025899136 FACETANGLE=10 PERSPECTIVE=YES LINECOLOUR=YES USEOUTERELEM=NO OPTION=SETVIEW
THREED TYPE=COMPONENT COMPONENT=V MIN=* MAX=* VECTOR=NO XORIGIN=0 YORIGIN=9.25 ZORIGIN=-3.46944695195361E-14 ROTX=19.9999997030482 ROTY=19.9999996809095 ROTZ=9.99999946523687E-05 XASPECT=1 YASPECT=1 ZASPECT=1 SIZE=150.363025899136 FACETANGLE=10 PERSPECTIVE=YES LINECOLOUR=YES USEOUTERELEM=NO OPTION=SETVIEW
THREED OPTION=GETVIEW

THREED TYPE=COMPONENT COMPONENT=V MIN=* MAX=* VECTOR=NO XORIGIN=0 YORIGIN=9.25 ZORIGIN=0 ROTX=20 ROTY=20 ROTZ=0 XASPECT=1 YASPECT=1 ZASPECT=1 SIZE=150 FACETANGLE=10 PERSPECTIVE=YES LINECOLOUR=YES USEOUTERELEM=NO OPTION=SETVIEW
THREED TYPE=COMPONENT COMPONENT=V MIN=* MAX=* VECTOR=NO XORIGIN=0 YORIGIN=9.25 ZORIGIN=0 ROTX=20 ROTY=20 ROTZ=0 XASPECT=1 YASPECT=1 ZASPECT=1 SIZE=150 FACETANGLE=10 PERSPECTIVE=YES LINECOLOUR=YES USEOUTERELEM=NO OPTION=SETVIEW
THREED OPTION=GETVIEW

THREED TYPE=COMPONENT COMPONENT=V MIN=* MAX=* VECTOR=NO XORIGIN=0 YORIGIN=9.25 ZORIGIN=0 ROTX=20 ROTY=20 ROTZ=0 XASPECT=1 YASPECT=1 ZASPECT=1 SIZE=150 FACETANGLE=10 PERSPECTIVE=YES LINECOLOUR=YES USEOUTERELEM=NO OPTION=SETVIEW
THREED TYPE=COMPONENT COMPONENT=V MIN=* MAX=* VECTOR=NO XORIGIN=0 YORIGIN=9.25 ZORIGIN=0 ROTX=20 ROTY=20 ROTZ=0 XASPECT=1 YASPECT=1 ZASPECT=1 SIZE=150 FACETANGLE=10 PERSPECTIVE=YES LINECOLOUR=YES USEOUTERELEM=NO OPTION=SETVIEW
THREED TYPE=COMPONENT COMPONENT=V MIN=* MAX=* VECTOR=NO XORIGIN=0 YORIGIN=9.25 ZORIGIN=0 ROTX=20 ROTY=20 ROTZ=0 XASPECT=1 YASPECT=1 ZASPECT=1 SIZE=150 FACETANGLE=10 PERSPECTIVE=YES LINECOLOUR=YES USEOUTERELEM=NO OPTION=SETVIEW
THREED OPTION=GETVIEW

THREED TYPE=COMPONENT COMPONENT=Emod MIN=* MAX=* VECTOR=NO XORIGIN=0 YORIGIN=9.25 ZORIGIN=0 ROTX=20 ROTY=20 ROTZ=0 XASPECT=1 YASPECT=1 ZASPECT=1 SIZE=150 FACETANGLE=10 PERSPECTIVE=YES LINECOLOUR=YES USEOUTERELEM=NO OPTION=SETVIEW
THREED TYPE=COMPONENT COMPONENT=Emod MIN=* MAX=* VECTOR=NO XORIGIN=0 YORIGIN=9.25 ZORIGIN=0 ROTX=20 ROTY=20 ROTZ=0 XASPECT=1 YASPECT=1 ZASPECT=1 SIZE=150 FACETANGLE=10 PERSPECTIVE=YES LINECOLOUR=YES USEOUTERELEM=NO OPTION=SETVIEW
THREED OPTION=GETVIEW

SET XLOCAL=0 YLOCAL=0 ZLOCAL=0 TLOCAL=90,PLOCAL=90,SLOCAL=180
POLAR  R2=100 R3=R2 R1=0 R4=0 Z1=13 Z2=Z1 Z3=Z1, Z4=Z1 T1=0 T2=0 T3=360 T4=360 N1=100 N2=100 BUFFER=Polar | MAP FILE=TEMP COMPONENT=Emod
BUFFER NAME='&VF_MAPBUF&' OPTION=SWITCH

MAP  FILE=TEMP CONTOUR=HISTOGRAM COMPONENT=Emod MIN=* MAX=* HEIGHT=SIZE/3 GRID=NO VECTOR=NO ERASE=YES PRINT=NO
MAP  FILE=TEMP CONTOUR=HISTOGRAM COMPONENT=Emod MIN=* MAX=* HEIGHT=SIZE/3 GRID=NO VECTOR=NO ERASE=YES PRINT=NO
BUFFER NAME='&VF_MAPBUF&' OPTION=SWITCH

MAP  FILE=TEMP CONTOUR=HISTOGRAM COMPONENT=V MIN=* MAX=* HEIGHT=SIZE/3 GRID=NO VECTOR=NO ERASE=YES PRINT=NO
