/ Opera-3d Modeller
/ Opera 18R2 [Build 36152] (x64)
/ Started: 06/Mar/2018 10:42:45
/ Node: RB-14. Processor: Intel64/x64. System: Windows 7 (Service Pack 1)
STRAIGHT OPTION=LOAD

SKETCH OBJECT=BLOCK +COMPLETE


PREVIEW OPTION=UNPICK REDISPLAY=YES
SKETCH OBJECT=BLOCK +COMPLETE
BLOCK Name='Block' X0=0 Y0=0 Z0=0 X1=10 Y1=10 Z1=10
MOUSE ACTION=PAN,  BUTTON=MIDDLE MODIFIER=NONE
MOUSE ACTION=CHECK
SELECT OPTION=GUIUPDATE

FILTER COMMAND=PICK
FILTER COMMAND=PICK
FILTER TYPE=BODY
PICK OPTION=TOGGLE PROPERTY=UniqueName LABEL='Block'
PREVIEW OPTION=PICK | PICK OPTION=ADD PROPERTY=UniqueName LABEL='Block'

PREVIEW OPTION=UNPICK REDISPLAY=YES
PICK OPTION=TOGGLE PROPERTY=UniqueName LABEL='Block'
PICK OPTION=TOGGLE PROPERTY=UniqueName LABEL='Block'
PICK OPTION=TOGGLE PROPERTY=UniqueName LABEL='Block'
PICK OPTION=TOGGLE PROPERTY=UniqueName LABEL='Block'
PICK OPTION=TOGGLE PROPERTY=UniqueName LABEL='Block'
PICK OPTION=TOGGLE PROPERTY=UniqueName LABEL='Block'
PICK OPTION=ALL TYPE=BODY
PREVIEW OPTION=PICK | PICK OPTION=ADD PROPERTY=UniqueName LABEL='Block'

PREVIEW OPTION=UNPICK REDISPLAY=YES
PICK OPTION=TOGGLE PROPERTY=UniqueName LABEL='Block'
FILTER COMMAND=PICK
FILTER TYPE=BODY
FILTER COMMAND=PICK
FILTER COMMAND=PICK
FILTER COMMAND=LIST
FILTER COMMAND=CURSORHIDE
SELECT OPTION=CURSORHIDE PROPERTY=UniqueName LABEL='Block'
FILTER COMMAND=LIST
FILTER TYPE=BODY
SELECT OPTION=PICKEDREMOVE
PICK OPTION=FILTER TYPE=BODY
PICK OPTION=ALL TYPE=BODY
DELETE REGULARIZE=YES EXTERNAL=NO
SKETCH OBJECT=CYLINDER +COMPLETE
PREVIEW OPTION=START REDISPLAY=NO | CYLINDER Name='Cylinder' X0=0 Y0=0 Z0=0 X1=0 Y1=10 Z1=0 -TUBE SHAPECONTROL=SIMPLE MAJORRADIUS=2 MINORRADIUS=2 TOPRADIUS=2 SIDES=2
PREVIEW OPTION=END REDISPLAY=NO |  CYLINDER Name='Cylinder' X0=0 Y0=0 Z0=0 X1=0 Y1=10 Z1=0 -TUBE SHAPECONTROL=SIMPLE MAJORRADIUS=2 MINORRADIUS=2 TOPRADIUS=2 SIDES=2
LIST TYPE=BODY UNIQUEBODYNAME='Cylinder'
PREVIEW OPTION=PICK | PICK OPTION=ADD PROPERTY=UniqueName LABEL='Cylinder'

PREVIEW OPTION=UNPICK REDISPLAY=YES
PREVIEW OPTION=PICK | PICK OPTION=ADD PROPERTY=UniqueName LABEL='Cylinder'

PREVIEW OPTION=UNPICK REDISPLAY=YES
PREVIEW OPTION=PICK | PICK OPTION=ADD PROPERTY=UniqueName LABEL='Cylinder'

REPLAY OPTION=REBUILDPREPARE STATE=' '

PREVIEW OPTION=ACCEPT REDISPLAY=NO |  REPLAY OPTION=EDIT STATE=CYLINDER(1)
PREVIEW OPTION=END REDISPLAY=NO |  CYLINDER X0=0 Y0=0 Z0=0 X1=0 Y1=10 Z1=0 -TUBE SHAPECONTROL=SIMPLE MAJORRADIUS=0.2 MINORRADIUS=0.2 TOPRADIUS=0.2 SIDES=2  | REPLAY OPTION=END
PREVIEW OPTION=PICK | PICK OPTION=ADD PROPERTY=UniqueName LABEL='Cylinder'

REPLAY OPTION=REBUILDPREPARE STATE=' '

PREVIEW OPTION=ACCEPT REDISPLAY=NO |  REPLAY OPTION=EDIT STATE=CYLINDER(1)
PREVIEW OPTION=START REDISPLAY=NO | CYLINDER X0=0 Y0=0 Z0=0 X1=0 Y1=10 Z1=0 +TUBE SHAPECONTROL=TUBE MAJORRADIUS=2 MINORRADIUS=2 TOPRADIUS=2 THICKNESS=0 SIDES=2
PREVIEW OPTION=START REDISPLAY=NO | CYLINDER X0=0 Y0=0 Z0=0 X1=0 Y1=10 Z1=0 +TUBE SHAPECONTROL=TUBE MAJORRADIUS=2 MINORRADIUS=2 TOPRADIUS=2 THICKNESS=2 SIDES=2
PREVIEW OPTION=START REDISPLAY=NO | CYLINDER X0=0 Y0=0 Z0=0 X1=0 Y1=10 Z1=0 +TUBE SHAPECONTROL=TUBE MAJORRADIUS=2 MINORRADIUS=2 TOPRADIUS=2 THICKNESS=1 SIDES=2
PREVIEW OPTION=START REDISPLAY=NO | CYLINDER X0=0 Y0=0 Z0=0 X1=0 Y1=10 Z1=0 +TUBE SHAPECONTROL=TUBE MAJORRADIUS=2 MINORRADIUS=2 TOPRADIUS=2 THICKNESS=0.2 SIDES=2
PREVIEW OPTION=START REDISPLAY=NO | CYLINDER X0=0 Y0=0 Z0=0 X1=0 Y1=10 Z1=0 -TUBE SHAPECONTROL=CONE MAJORRADIUS=2 MINORRADIUS=2 TOPRADIUS=2 SIDES=2
PREVIEW OPTION=END REDISPLAY=NO |  CYLINDER X0=0 Y0=0 Z0=0 X1=0 Y1=10 Z1=0 -TUBE SHAPECONTROL=CONE MAJORRADIUS=2 MINORRADIUS=2 TOPRADIUS=0.2 SIDES=2  | REPLAY OPTION=END
PREVIEW OPTION=PICK | PICK OPTION=ADD PROPERTY=UniqueName LABEL='Cylinder'

REPLAY OPTION=REBUILDPREPARE STATE=' '

PREVIEW OPTION=ACCEPT REDISPLAY=NO |  REPLAY OPTION=EDIT STATE=CYLINDER(1)
PREVIEW OPTION=START REDISPLAY=NO | CYLINDER X0=0 Y0=0 Z0=0 X1=0 Y1=10 Z1=0 -TUBE SHAPECONTROL=SIMPLE MAJORRADIUS=2 MINORRADIUS=2 TOPRADIUS=2 SIDES=2
PREVIEW OPTION=END REDISPLAY=NO |  CYLINDER X0=0 Y0=0 Z0=0 X1=0 Y1=10 Z1=0 -TUBE SHAPECONTROL=SIMPLE MAJORRADIUS=2 MINORRADIUS=2 TOPRADIUS=2 SIDES=2  | REPLAY OPTION=END
PREVIEW OPTION=PICK | PICK OPTION=ADD PROPERTY=UniqueName LABEL='Cylinder'

PREVIEW OPTION=UNPICK REDISPLAY=YES
PREVIEW OPTION=PICK | PICK OPTION=ADD PROPERTY=UniqueName LABEL='Cylinder'

REPLAY OPTION=REBUILDPREPARE STATE=' '

PREVIEW OPTION=ACCEPT REDISPLAY=NO |  REPLAY OPTION=EDIT STATE=CYLINDER(1)
PREVIEW OPTION=END REDISPLAY=NO |  CYLINDER X0=0 Y0=0 Z0=0 X1=0 Y1=0 Z1=0 -TUBE SHAPECONTROL=SIMPLE MAJORRADIUS=2 MINORRADIUS=2 TOPRADIUS=2 SIDES=2  | REPLAY OPTION=END
PICK OPTION=FILTER TYPE=BODY
PICK OPTION=ALL TYPE=BODY
PICK OPTION=ALL TYPE=BODY
SKETCH OBJECT=CYLINDER +COMPLETE
PREVIEW OPTION=START REDISPLAY=NO | CYLINDER Name='Cylinder' X0=0 Y0=0 Z0=0 X1=0 Y1=10 Z1=0 -TUBE SHAPECONTROL=SIMPLE MAJORRADIUS=2 MINORRADIUS=2 TOPRADIUS=2 SIDES=2
PREVIEW OPTION=END REDISPLAY=NO |  CYLINDER Name='Cylinder' X0=0 Y0=0 Z0=0 X1=0 Y1=10 Z1=0 -TUBE SHAPECONTROL=SIMPLE MAJORRADIUS=2 MINORRADIUS=2 TOPRADIUS=2 SIDES=2
DELETE REGULARIZE=YES EXTERNAL=NO
PREVIEW OPTION=PICK | PICK OPTION=ADD PROPERTY=UniqueName LABEL='Cylinder-001'

REPLAY OPTION=REBUILDPREPARE STATE=' '

PREVIEW OPTION=ACCEPT REDISPLAY=NO |  REPLAY OPTION=EDIT STATE=CYLINDER(2)
PREVIEW OPTION=START REDISPLAY=NO | CYLINDER X0=0 Y0=0 Z0=0 X1=0 Y1=10 Z1=0 -TUBE SHAPECONTROL=SIMPLE MAJORRADIUS=2 MINORRADIUS=2 TOPRADIUS=2 SIDES=100
PREVIEW OPTION=END REDISPLAY=NO |  CYLINDER X0=0 Y0=0 Z0=0 X1=0 Y1=10 Z1=0 -TUBE SHAPECONTROL=SIMPLE MAJORRADIUS=2 MINORRADIUS=2 TOPRADIUS=2 SIDES=100  | REPLAY OPTION=END
LIST TYPE=BODY UNIQUEBODYNAME='Cylinder'
LIST TYPE=BODY UNIQUEBODYNAME='Cylinder'
LIST TYPE=BODY UNIQUEBODYNAME='Cylinder'
LIST TYPE=BODY UNIQUEBODYNAME='Cylinder'
PREVIEW OPTION=PICK | PICK OPTION=ADD PROPERTY=UniqueName LABEL='Cylinder-001'

REPLAY OPTION=REBUILDPREPARE STATE=' '

PREVIEW OPTION=ACCEPT REDISPLAY=NO |  REPLAY OPTION=EDIT STATE=CYLINDER(2)
PREVIEW OPTION=START REDISPLAY=NO | CYLINDER X0=0 Y0=0 Z0=0 X1=0 Y1=10 Z1=0 -TUBE SHAPECONTROL=GENERAL MAJORRADIUS=2 MINORRADIUS=1 TOPRADIUS=1 -TUBE SIDES=2
PREVIEW OPTION=START REDISPLAY=NO | CYLINDER X0=0 Y0=0 Z0=0 X1=0 Y1=10 Z1=0 -TUBE SHAPECONTROL=GENERAL MAJORRADIUS=2 MINORRADIUS=1 TOPRADIUS=1 +TUBE THICKNESS=0.2 SIDES=2
PREVIEW OPTION=END REDISPLAY=YES  | REPLAY OPTION=CANCEL
PREVIEW OPTION=PICK | PICK OPTION=ADD PROPERTY=UniqueName LABEL='Cylinder'

PREVIEW OPTION=ACCEPT REDISPLAY=NO |  DELETE REGULARIZE=YES EXTERNAL=NO
PREVIEW OPTION=PICK | PICK OPTION=ADD PROPERTY=UniqueName LABEL='Cylinder-001'

PREVIEW OPTION=ACCEPT REDISPLAY=NO |  DELETE REGULARIZE=YES EXTERNAL=NO
SKETCH OBJECT=TORUS +COMPLETE
PREVIEW OPTION=START REDISPLAY=NO | TORUS Name='Torus' X0=0 Y0=0 Z0=0 MAJORRADIUS=100 MINORRADIUS=80
PREVIEW OPTION=END REDISPLAY=NO |  TORUS Name='Torus' X0=0 Y0=0 Z0=0 MAJORRADIUS=100 MINORRADIUS=80
PREVIEW OPTION=PICK | PICK OPTION=ADD PROPERTY=UniqueName LABEL='Torus'

REPLAY OPTION=REBUILDPREPARE STATE=' '

PREVIEW OPTION=ACCEPT REDISPLAY=NO |  REPLAY OPTION=EDIT STATE=TORUS(1)
PREVIEW OPTION=START REDISPLAY=NO | TORUS X0=0 Y0=0 Z0=0 MAJORRADIUS=90 MINORRADIUS=10
PREVIEW OPTION=END REDISPLAY=NO |  TORUS X0=0 Y0=0 Z0=0 MAJORRADIUS=90 MINORRADIUS=10  | REPLAY OPTION=END
PREVIEW OPTION=PICK | PICK OPTION=ADD PROPERTY=UniqueName LABEL='Torus'

REPLAY OPTION=REBUILDPREPARE STATE=' '

PREVIEW OPTION=UNPICK REDISPLAY=YES
PREVIEW OPTION=PICK | PICK OPTION=ADD PROPERTY=UniqueName LABEL='Torus'

PREVIEW OPTION=ACCEPT REDISPLAY=NO |  DELETE REGULARIZE=YES EXTERNAL=NO
SKETCH OBJECT=BLOCK +COMPLETE
BLOCK Name='Block' X0=0 Y0=0 Z0=0 X1=10 Y1=10 Z1=10
PREVIEW OPTION=PICK | PICK OPTION=ADD PROPERTY=UniqueName LABEL='Block'

REPLAY OPTION=REBUILDPREPARE STATE=' '

PREVIEW OPTION=ACCEPT REDISPLAY=NO |  REPLAY OPTION=EDIT STATE=BLOCK(2)
PREVIEW OPTION=END REDISPLAY=NO |  BLOCK X0=0 Y0=0 Z0=0 X1=10 Y1=10 Z1=15  | REPLAY OPTION=END
PREVIEW OPTION=PICK | PICK OPTION=ADD PROPERTY=UniqueName LABEL='Block'

PREVIEW OPTION=UNPICK REDISPLAY=NO |
LIST TYPE=BODY UNIQUEBODYNAME='Block'
FILTER TYPE=EDGE
FILTER TYPE=FACE
LIST TYPE=FACE UNIQUEBODYNAME='Block' IDENTIFIER=A.00003
FILTER TYPE=FACE
FILTER COMMAND=PICK
PREVIEW OPTION=PICK | PICK OPTION=ADD TYPE=FACE UNIQUEBODYNAME='Block' IDENTIFIER=A.00003

PREVIEW OPTION=ACCEPT REDISPLAY=NO |   OFFSET KEEP=NO  DISTANCE=5
PREVIEW OPTION=PICK | PICK OPTION=ADD TYPE=FACE UNIQUEBODYNAME='Block' IDENTIFIER=A.00002

PREVIEW OPTION=UNPICK REDISPLAY=NO |
PREVIEW OPTION=PICK | PICK OPTION=ADD TYPE=FACE UNIQUEBODYNAME='Block' IDENTIFIER=A.00002

PREVIEW OPTION=ACCEPT REDISPLAY=NO |   OFFSET KEEP=NO  DISTANCE=5
PREVIEW OPTION=PICK | PICK OPTION=ADD TYPE=FACE UNIQUEBODYNAME='Block' IDENTIFIER=A.00002

PREVIEW OPTION=UNPICK REDISPLAY=YES
PREVIEW OPTION=PICK | PICK OPTION=ADD TYPE=FACE UNIQUEBODYNAME='Block' IDENTIFIER=A.00002

PREVIEW OPTION=ACCEPT REDISPLAY=NO |   SWEEP KEEP=NO  TYPE=DISTANCE REGULAR=NO RIGID=NO DISTANCE=5 DRAFTTYPE=NONE
PREVIEW OPTION=PICK | PICK OPTION=ADD TYPE=FACE UNIQUEBODYNAME='Block' IDENTIFIER=A.00002

PREVIEW OPTION=UNPICK REDISPLAY=NO |
THREED OPTION=SETVIEW SIZE=0
PICK OPTION=TOGGLE TYPE=FACE UNIQUEBODYNAME='Block' IDENTIFIER=D.00003
THREED OPTION=SETVIEW SIZE=0
PICK OPTION=TOGGLE TYPE=FACE UNIQUEBODYNAME='Block' IDENTIFIER=A.00001
PICK OPTION=TOGGLE TYPE=FACE UNIQUEBODYNAME='Block' IDENTIFIER=D.00004
PICK OPTION=TOGGLE TYPE=FACE UNIQUEBODYNAME='Block' IDENTIFIER=D.00004
PICK OPTION=TOGGLE TYPE=FACE UNIQUEBODYNAME='Block' IDENTIFIER=D.00003
PICK OPTION=TOGGLE TYPE=FACE UNIQUEBODYNAME='Block' IDENTIFIER=A.00001
PICK OPTION=TOGGLE TYPE=FACE UNIQUEBODYNAME='Block' IDENTIFIER=A.00001
PREVIEW OPTION=PICK | PICK OPTION=ADD TYPE=FACE UNIQUEBODYNAME='Block' IDENTIFIER=A.00001

PREVIEW OPTION=UNPICK REDISPLAY=NO | PICK OPTION=RESET
PREVIEW OPTION=PICK | PICK OPTION=ADD TYPE=FACE UNIQUEBODYNAME='Block' IDENTIFIER=A.00001

PREVIEW OPTION=ACCEPT REDISPLAY=NO |   SHELL OUTWARDS=NO THICKNESS=4
PICK OPTION=RESET
PREVIEW OPTION=PICK | PICK OPTION=ADD TYPE=FACE UNIQUEBODYNAME='Block' IDENTIFIER=D.00003

PREVIEW OPTION=ACCEPT REDISPLAY=NO |  DELETE REGULARIZE=YES EXTERNAL=NO
PREVIEW OPTION=PICK | PICK OPTION=ADD TYPE=FACE UNIQUEBODYNAME='Block' IDENTIFIER=E.00001

PREVIEW OPTION=UNPICK REDISPLAY=YES
PREVIEW OPTION=PICK | PICK OPTION=ADD TYPE=FACE UNIQUEBODYNAME='Block' IDENTIFIER=D.00009

PREVIEW OPTION=ACCEPT REDISPLAY=NO |  DELETE REGULARIZE=YES EXTERNAL=YES
DELETE REGULARIZE=YES EXTERNAL=YES
| PICK OPTION=RESET
PREVIEW OPTION=PICK | PICK OPTION=ADD TYPE=FACE UNIQUEBODYNAME='Block' IDENTIFIER=D.00004

PREVIEW OPTION=ACCEPT REDISPLAY=NO |  DELETE REGULARIZE=YES EXTERNAL=YES
DELETE REGULARIZE=YES EXTERNAL=YES
| PICK OPTION=RESET
FILTER TYPE=BODY
PICK OPTION=TOGGLE PROPERTY=UniqueName LABEL='Block'
PREVIEW OPTION=PICK | PICK OPTION=ADD PROPERTY=UniqueName LABEL='Block'

PREVIEW OPTION=ACCEPT REDISPLAY=NO |  DELETE REGULARIZE=YES EXTERNAL=YES
FILTER TYPE=FACE
SKETCH OBJECT=CYLINDER +COMPLETE
CYLINDER Name='Cylinder' X0=0 Y0=0 Z0=0 X1=0 Y1=10 Z1=0 -TUBE SHAPECONTROL=CONE MAJORRADIUS=2 MINORRADIUS=2 TOPRADIUS=1 SIDES=2
PREVIEW OPTION=PICK | PICK OPTION=ADD TYPE=FACE UNIQUEBODYNAME='Cylinder' IDENTIFIER=A.00002

PREVIEW OPTION=ACCEPT REDISPLAY=NO |  TRANSFORM OPTION=APPLY KEEP=YES TYPE=DISPLACE DU=10 DV=0 DW=0
PREVIEW OPTION=START REDISPLAY=NO | TRANSFORM OPTION=APPLY TYPE=DISPLACE DU=0 DV=0 DW=0
PREVIEW OPTION=START REDISPLAY=NO | TRANSFORM OPTION=APPLY TYPE=DISPLACE DU=0 DV=5 DW=0
PREVIEW OPTION=START REDISPLAY=NO | TRANSFORM OPTION=APPLY TYPE=DISPLACE DU=0 DV=5 DW=0
PREVIEW OPTION=END REDISPLAY=NO |  TRANSFORM OPTION=APPLY KEEP=YES TYPE=DISPLACE DU=0 DV=5 DW=0
TRANSFORM OPTION=APPLY KEEP=YES TYPE=DISPLACE DU=10 DV=5 DW=0
PREVIEW OPTION=START REDISPLAY=NO | TRANSFORM OPTION=COPY TYPE=ROTATE ROTU=0 ROTV=0 ROTW=1 ANGLE=360/12 COUNT=11
PREVIEW OPTION=END REDISPLAY=NO |  TRANSFORM OPTION=COPY KEEP=YES TYPE=ROTATE ROTU=0 ROTV=1 ROTW=0 ANGLE=360/12 COUNT=11
TRANSFORM OPTION=COPY KEEP=YES TYPE=ROTATE ROTU=1 ROTV=0 ROTW=0 ANGLE=360/12 COUNT=11
TRANSFORM OPTION=COPY KEEP=YES TYPE=ROTATE ROTU=0 ROTV=0 ROTW=0 ANGLE=360/12 COUNT=11
TRANSFORM OPTION=COPY KEEP=YES TYPE=ROTATE ROTU=0 ROTV=0 ROTW=1 ANGLE=360/12 COUNT=11
PICK OPTION=RESET
UNDO
UNDO
UNDO
UNDO
UNDO
UNDO
PREVIEW OPTION=PICK | PICK OPTION=ADD TYPE=FACE UNIQUEBODYNAME='Cylinder' IDENTIFIER=A.00002

PREVIEW OPTION=ACCEPT REDISPLAY=NO |  TRANSFORM OPTION=COPY KEEP=YES TYPE=ROTATE ROTU=0 ROTV=0 ROTW=1 ANGLE=360/12 COUNT=11
TRANSFORM OPTION=COPY KEEP=NO TYPE=ROTATE ROTU=0 ROTV=0 ROTW=1 ANGLE=360/12 COUNT=11
PREVIEW OPTION=PICK | PICK OPTION=ADD TYPE=FACE UNIQUEBODYNAME='Cylinder' IDENTIFIER=A.00002

PREVIEW OPTION=UNPICK REDISPLAY=YES
UNDO
UNDO
PREVIEW OPTION=PICK | PICK OPTION=ADD TYPE=FACE UNIQUEBODYNAME='Cylinder' IDENTIFIER=A.00002

PREVIEW OPTION=ACCEPT REDISPLAY=NO |  TRANSFORM OPTION=APPLY KEEP=YES TYPE=SCALE SCU=1 SCV=10 SCW=1
TRANSFORM OPTION=APPLY KEEP=YES TYPE=SCALE SCU=1 SCV=10 SCW=10
TRANSFORM OPTION=APPLY KEEP=YES TYPE=SCALE SCU=10 SCV=10 SCW=10
TRANSFORM OPTION=APPLY KEEP=YES TYPE=REFLECT NU=0 NV=0 NW=1
TRANSFORM OPTION=APPLY KEEP=YES TYPE=ROTATE ROTU=0 ROTV=0 ROTW=1 ANGLE=360/12
PICK OPTION=RESET
PICK OPTION=TOGGLE TYPE=FACE UNIQUEBODYNAME='Cylinder' IDENTIFIER=A.00002
| PICK OPTION=RESET
FILTER TYPE=BODY
PICK OPTION=TOGGLE PROPERTY=UniqueName LABEL='Cylinder'
DELETE REGULARIZE=YES EXTERNAL=YES
SKETCH OBJECT=BLOCK +COMPLETE
BLOCK Name='Block' X0=0 Y0=0 Z0=0 X1=10 Y1=10 Z1=15
PREVIEW OPTION=PICK | PICK OPTION=ADD PROPERTY=UniqueName LABEL='Block'

REPLAY OPTION=REBUILDPREPARE STATE=' '

PREVIEW OPTION=ACCEPT REDISPLAY=NO |  REPLAY OPTION=EDIT STATE=BLOCK(3)
PREVIEW OPTION=END REDISPLAY=YES  | REPLAY OPTION=CANCEL
FILTER TYPE=EDGE
PICK OPTION=TOGGLE TYPE=EDGE UNIQUEBODYNAME='Block' IDENTIFIER=A.00011
PREVIEW OPTION=PICK | PICK OPTION=ADD TYPE=EDGE UNIQUEBODYNAME='Block' IDENTIFIER=A.00011



PREVIEW OPTION=ACCEPT REDISPLAY=NO |  BLEND  OPTION=CHAMFER LEFTCHAMFER=2 RIGHTCHAMFER=4
FILTER TYPE=EDGE
PREVIEW OPTION=PICK | PICK OPTION=ADD TYPE=EDGE UNIQUEBODYNAME='Block' IDENTIFIER=B.00003



PREVIEW OPTION=START REDISPLAY=NO | BLEND OPTION=BLEND RADIUS=4
PREVIEW OPTION=ACCEPT REDISPLAY=NO |  BLEND  OPTION=BLEND RADIUS=4
PREVIEW OPTION=PICK | PICK OPTION=ADD TYPE=EDGE UNIQUEBODYNAME='Block' IDENTIFIER=B.00004



PREVIEW OPTION=ACCEPT REDISPLAY=NO |  BLEND  OPTION=BLEND RADIUS=4
PREVIEW OPTION=PICK | PICK OPTION=ADD TYPE=EDGE UNIQUEBODYNAME='Block' IDENTIFIER=A.00009



PREVIEW OPTION=ACCEPT REDISPLAY=NO |  BLEND  OPTION=BLEND RADIUS=40
CLEAR REVERT=NO
